<?xml version="1.0" encoding="UTF-8"?>
<!-- Generated by org.testng.reporters.JUnitXMLReporter -->
<testsuite ignored="0" hostname="IN-122P5Y2" failures="1" tests="1" name="dropdown" time="28.196" errors="0" timestamp="2022-04-16T22:07:07 IST">
  <testcase classname="testingbaba.Testingbaba_dropdown_test" name="DropdownTestingBaba_test01" time="0.075">
    <failure type="java.lang.AssertionError" message="expected [true] but found [false]">
      <![CDATA[java.lang.AssertionError: expected [true] but found [false]
at pages.Testingbaba_dropdown_page.getdropdown(Testingbaba_dropdown_page.java:40)
at testingbaba.Testingbaba_dropdown_test.DropdownTestingBaba_test01(Testingbaba_dropdown_test.java:44)
at java.base/java.util.ArrayList.forEach(ArrayList.java:1511)
... Removed 33 stack frames]]>
    </failure>
  </testcase> <!-- DropdownTestingBaba_test01 -->
</testsuite> <!-- dropdown -->
