<?xml version="1.0" encoding="UTF-8"?>
<!-- Generated by org.testng.reporters.JUnitXMLReporter -->
<testsuite ignored="0" hostname="IN-122P5Y2" failures="0" tests="1" name="Flipkart_Buy_product" time="0.058" errors="0" timestamp="2022-04-16T21:59:26 IST">
  <testcase classname="flipkart.Flipkart_buyproduct_test" name="@BeforeTest launchFB" time="0.044">
    <failure type="java.lang.IllegalStateException" message="The path to the driver executable The path to the driver executable must be set by the webdriver.gecko.driver system property; for more information, see https://github.com/mozilla/geckodriver. The latest version can be downloaded from https://github.com/mozilla/geckodriver/releases">
      <![CDATA[java.lang.IllegalStateException: The path to the driver executable The path to the driver executable must be set by the webdriver.gecko.driver system property; for more information, see https://github.com/mozilla/geckodriver. The latest version can be downloaded from https://github.com/mozilla/geckodriver/releases
at org.openqa.selenium.internal.Require$StateChecker.nonNull(Require.java:311)
at org.openqa.selenium.remote.service.DriverService.findExecutable(DriverService.java:135)
at org.openqa.selenium.firefox.GeckoDriverService.access$100(GeckoDriverService.java:44)
at org.openqa.selenium.firefox.GeckoDriverService$Builder.findDefaultExecutable(GeckoDriverService.java:185)
at org.openqa.selenium.remote.service.DriverService$Builder.build(DriverService.java:437)
at org.openqa.selenium.firefox.FirefoxDriver.toExecutor(FirefoxDriver.java:176)
at org.openqa.selenium.firefox.FirefoxDriver.<init>(FirefoxDriver.java:125)
at org.openqa.selenium.firefox.FirefoxDriver.<init>(FirefoxDriver.java:106)
at baselibrary.Baselibrary.FirefoxLaunch(Baselibrary.java:106)
at flipkart.Flipkart_buyproduct_test.launchFB(Flipkart_buyproduct_test.java:26)
... Removed 24 stack frames]]>
    </failure>
  </testcase> <!-- @BeforeTest launchFB -->
  <testcase classname="baselibrary.Baselibrary" name="@AfterTest Teardown" time="-1.650126566804E9">
    <skipped/>
  </testcase> <!-- @AfterTest Teardown -->
  <testcase classname="flipkart.Flipkart_buyproduct_test" name="FlipkartLoginInvalidCred_Test01" time="0.0">
    <skipped/>
  </testcase> <!-- FlipkartLoginInvalidCred_Test01 -->
</testsuite> <!-- Flipkart_Buy_product -->
