<?xml version="1.0" encoding="UTF-8"?>
<!-- Generated by org.testng.reporters.JUnitXMLReporter -->
<testsuite ignored="0" hostname="IN-122P5Y2" failures="0" tests="2" name="Makemytrip" time="0.054" errors="0" timestamp="2022-04-16T21:59:26 IST">
  <testcase classname="makemytrip.Makemytrip_launch_test" name="@BeforeTest launchFB" time="0.039">
    <failure type="java.lang.IllegalStateException" message="The path to the driver executable The path to the driver executable must be set by the webdriver.gecko.driver system property; for more information, see https://github.com/mozilla/geckodriver. The latest version can be downloaded from https://github.com/mozilla/geckodriver/releases">
      <![CDATA[java.lang.IllegalStateException: The path to the driver executable The path to the driver executable must be set by the webdriver.gecko.driver system property; for more information, see https://github.com/mozilla/geckodriver. The latest version can be downloaded from https://github.com/mozilla/geckodriver/releases
at org.openqa.selenium.internal.Require$StateChecker.nonNull(Require.java:311)
at org.openqa.selenium.remote.service.DriverService.findExecutable(DriverService.java:135)
at org.openqa.selenium.firefox.GeckoDriverService.access$100(GeckoDriverService.java:44)
at org.openqa.selenium.firefox.GeckoDriverService$Builder.findDefaultExecutable(GeckoDriverService.java:185)
at org.openqa.selenium.remote.service.DriverService$Builder.build(DriverService.java:437)
at org.openqa.selenium.firefox.FirefoxDriver.toExecutor(FirefoxDriver.java:176)
at org.openqa.selenium.firefox.FirefoxDriver.<init>(FirefoxDriver.java:125)
at org.openqa.selenium.firefox.FirefoxDriver.<init>(FirefoxDriver.java:106)
at baselibrary.Baselibrary.FirefoxLaunch(Baselibrary.java:106)
at makemytrip.Makemytrip_launch_test.launchFB(Makemytrip_launch_test.java:27)
... Removed 24 stack frames]]>
    </failure>
  </testcase> <!-- @BeforeTest launchFB -->
  <testcase classname="baselibrary.Baselibrary" name="@AfterTest Teardown" time="-1.650126566886E9">
    <skipped/>
  </testcase> <!-- @AfterTest Teardown -->
  <testcase classname="makemytrip.Makemytrip_launch_test" name="MakemyTripSendValidNumber_Test01" time="0.0">
    <skipped/>
  </testcase> <!-- MakemyTripSendValidNumber_Test01 -->
  <testcase classname="makemytrip.Makemytrip_launch_test" name="MakemyTripSendINValidNumber_Test02" time="0.0">
    <skipped/>
  </testcase> <!-- MakemyTripSendINValidNumber_Test02 -->
</testsuite> <!-- Makemytrip -->
