<?xml version="1.0" encoding="UTF-8"?>
<!-- Generated by org.testng.reporters.JUnitXMLReporter -->
<testsuite ignored="0" hostname="DESKTOP-493EAAE" failures="1" tests="4" name="Textbox" time="7.199" errors="0" timestamp="2022-04-14T07:34:15 IST">
  <testcase classname="testingbaba.Testingbaba_textbox_test" name="TextboxTestingBaba_test01" time="0.044"/>
  <testcase classname="testingbaba.Testingbaba_textbox_test" name="TextboxTestingBaba_test02" time="0.095"/>
  <testcase classname="testingbaba.Testingbaba_textbox_test" name="TextboxTestingBaba_test04" time="0.547">
    <failure type="java.lang.AssertionError" message="The following asserts failed:
	expected [shivam] but found [],
	expected [dubeyshivam@gmail.com] but found [],
	expected [bareilly bareilly] but found [],
	expected [bareilly noida bareilly] but found []">
      <![CDATA[java.lang.AssertionError: The following asserts failed:
expected [shivam] but found [],
expected [dubeyshivam@gmail.com] but found [],
expected [bareilly bareilly] but found [],
expected [bareilly noida bareilly] but found []
at pages.Testingbaba_textbox_page.getverify_textboxdata(Testingbaba_textbox_page.java:124)
at testingbaba.Testingbaba_textbox_test.TextboxTestingBaba_test04(Testingbaba_textbox_test.java:63)
at java.base/java.util.concurrent.ThreadPoolExecutor.runWorker(ThreadPoolExecutor.java:1136)
at java.base/java.util.concurrent.ThreadPoolExecutor$Worker.run(ThreadPoolExecutor.java:635)
at java.base/java.lang.Thread.run(Thread.java:833)
... Removed 14 stack frames]]>
    </failure>
  </testcase> <!-- TextboxTestingBaba_test04 -->
  <testcase classname="testingbaba.Testingbaba_textbox_test" name="TextboxTestingBaba_test03" time="0.894"/>
</testsuite> <!-- Textbox -->
