<!DOCTYPE html PUBLIC "-//W3C//DTD XHTML 1.1//EN" "https://www.w3.org/TR/xhtml11/DTD/xhtml11.dtd">
<html xmlns="https://www.w3.org/1999/xhtml">
<head>
<meta http-equiv="content-type" content="text/html; charset=UTF-8"/>
<title>TestNG Report</title>
<style type="text/css">table {margin-bottom:10px;border-collapse:collapse;empty-cells:show}th,td {border:1px solid #009;padding:.25em .5em}th {vertical-align:bottom}td {vertical-align:top}table a {font-weight:bold}.stripe td {background-color: #E6EBF9}.num {text-align:right}.passedodd td {background-color: #3F3}.passedeven td {background-color: #0A0}.skippedodd td {background-color: #DDD}.skippedeven td {background-color: #CCC}.failedodd td,.attn {background-color: #F33}.failedeven td,.stripe .attn {background-color: #D00}.stacktrace {white-space:pre;font-family:monospace}.totop {font-size:85%;text-align:center;border-bottom:2px solid #000}.invisible {display:none}</style>
</head>
<body>
<table>
<tr><th>Test</th><th># Passed</th><th># Skipped</th><th># Retried</th><th># Failed</th><th>Time (ms)</th><th>Included Groups</th><th>Excluded Groups</th></tr>
<tr><th colspan="8">Testingbaba</th></tr>
<tr><td><a href="#t0">smoke</a></td><td class="num">1</td><td class="num">0</td><td class="num">0</td><td class="num">0</td><td class="num">8,904</td><td></td><td></td></tr>
<tr class="stripe"><td><a href="#t1">Textbox</a></td><td class="num">0</td><td class="num attn">4</td><td class="num">0</td><td class="num">0</td><td class="num">6,764</td><td></td><td></td></tr>
<tr><td><a href="#t2">buttons</a></td><td class="num">3</td><td class="num">0</td><td class="num">0</td><td class="num">0</td><td class="num">10,717</td><td></td><td></td></tr>
<tr class="stripe"><td><a href="#t3">checkbox</a></td><td class="num">0</td><td class="num attn">3</td><td class="num">0</td><td class="num">0</td><td class="num">6,798</td><td></td><td></td></tr>
<tr><td><a href="#t4">dropdown</a></td><td class="num">1</td><td class="num">0</td><td class="num">0</td><td class="num">0</td><td class="num">9,419</td><td></td><td></td></tr>
<tr class="stripe"><td><a href="#t5">links</a></td><td class="num">2</td><td class="num">0</td><td class="num">0</td><td class="num">0</td><td class="num">10,622</td><td></td><td></td></tr>
<tr><td><a href="#t6">radio</a></td><td class="num">0</td><td class="num">0</td><td class="num">0</td><td class="num attn">1</td><td class="num">7,531</td><td></td><td></td></tr>
<tr class="stripe"><td><a href="#t7">autocomplete</a></td><td class="num">3</td><td class="num">0</td><td class="num">0</td><td class="num">0</td><td class="num">12,238</td><td></td><td></td></tr>
<tr><td><a href="#t8">Webtable</a></td><td class="num">0</td><td class="num attn">1</td><td class="num">0</td><td class="num">0</td><td class="num">7,235</td><td></td><td></td></tr>
<tr class="stripe"><td><a href="#t9">Flipkart</a></td><td class="num">2</td><td class="num">0</td><td class="num">0</td><td class="num">0</td><td class="num">29,855</td><td></td><td></td></tr>
<tr><td><a href="#t10">Flipkart_Buy_product</a></td><td class="num">1</td><td class="num">0</td><td class="num">0</td><td class="num">0</td><td class="num">8,466</td><td></td><td></td></tr>
<tr class="stripe"><td><a href="#t11">Makemytrip</a></td><td class="num">2</td><td class="num">0</td><td class="num">0</td><td class="num">0</td><td class="num">23,262</td><td></td><td></td></tr>
<tr><th>Total</th><th class="num">15</th><th class="num attn">8</th><th class="num">0</th><th class="num attn">1</th><th class="num">141,811</th><th colspan="2"></th></tr>
</table>
<table id='summary'><thead><tr><th>Class</th><th>Method</th><th>Start</th><th>Time (ms)</th></tr></thead><tbody><tr><th colspan="4">Testingbaba</th></tr></tbody><tbody id="t0"><tr><th colspan="4">smoke &#8212; passed</th></tr><tr class="passedeven"><td rowspan="1">testingbaba.Testingbaba_launch_test</td><td><a href="#m0">LaunchTestingBaba_test01</a></td><td rowspan="1">1648222376363</td><td rowspan="1">21</td></tr></tbody>
<tbody id="t1"><tr><th colspan="4">Textbox &#8212; failed (configuration methods)</th></tr><tr class="failedeven"><td rowspan="1">testingbaba.Testingbaba_textbox_test</td><td><a href="#m1">launchtestingbaba</a></td><td rowspan="1">1648222377172</td><td rowspan="1">6718</td></tr><tr><th colspan="4">Textbox &#8212; skipped (configuration methods)</th></tr><tr class="skippedeven"><td rowspan="1">testingbaba.Testingbaba_textbox_test</td><td><a href="#m2">Teardown</a></td><td rowspan="1">1648222383934</td><td rowspan="1">0</td></tr><tr><th colspan="4">Textbox &#8212; skipped</th></tr><tr class="skippedeven"><td rowspan="4">testingbaba.Testingbaba_textbox_test</td><td><a href="#m3">TextboxTestingBaba_test01</a></td><td rowspan="1">1648222383922</td><td rowspan="1">0</td></tr><tr class="skippedeven"><td><a href="#m4">TextboxTestingBaba_test02</a></td><td rowspan="1">1648222383924</td><td rowspan="1">1</td></tr><tr class="skippedeven"><td><a href="#m5">TextboxTestingBaba_test03</a></td><td rowspan="1">1648222383926</td><td rowspan="1">0</td></tr><tr class="skippedeven"><td><a href="#m6">TextboxTestingBaba_test04</a></td><td rowspan="1">1648222383929</td><td rowspan="1">0</td></tr></tbody>
<tbody id="t2"><tr><th colspan="4">buttons &#8212; passed</th></tr><tr class="passedeven"><td rowspan="3">testingbaba.Testingbaba_buttons_test</td><td><a href="#m7">ButtonsTestingBaba_test01</a></td><td rowspan="1">1648222392972</td><td rowspan="1">181</td></tr><tr class="passedeven"><td><a href="#m8">ButtonsTestingBaba_test02</a></td><td rowspan="1">1648222393153</td><td rowspan="1">667</td></tr><tr class="passedeven"><td><a href="#m9">ButtonsTestingBaba_test03</a></td><td rowspan="1">1648222393820</td><td rowspan="1">207</td></tr></tbody>
<tbody id="t3"><tr><th colspan="4">checkbox &#8212; failed (configuration methods)</th></tr><tr class="failedeven"><td rowspan="1">testingbaba.Testingbaba_checkbox_test</td><td><a href="#m10">launchtestingbaba</a></td><td rowspan="1">1648222394699</td><td rowspan="1">6780</td></tr><tr><th colspan="4">checkbox &#8212; skipped (configuration methods)</th></tr><tr class="skippedeven"><td rowspan="1">testingbaba.Testingbaba_checkbox_test</td><td><a href="#m11">Teardown</a></td><td rowspan="1">1648222401497</td><td rowspan="1">0</td></tr><tr><th colspan="4">checkbox &#8212; skipped</th></tr><tr class="skippedeven"><td rowspan="3">testingbaba.Testingbaba_checkbox_test</td><td><a href="#m12">CheckboxTestingBaba_test01</a></td><td rowspan="1">1648222401486</td><td rowspan="1">0</td></tr><tr class="skippedeven"><td><a href="#m13">CheckboxTestingBaba_test02</a></td><td rowspan="1">1648222401489</td><td rowspan="1">0</td></tr><tr class="skippedeven"><td><a href="#m14">CheckboxTestingBaba_test03</a></td><td rowspan="1">1648222401495</td><td rowspan="1">0</td></tr></tbody>
<tbody id="t4"><tr><th colspan="4">dropdown &#8212; passed</th></tr><tr class="passedeven"><td rowspan="1">testingbaba.Testingbaba_dropdown_test</td><td><a href="#m15">DropdownTestingBaba_test01</a></td><td rowspan="1">1648222408033</td><td rowspan="1">2256</td></tr></tbody>
<tbody id="t5"><tr><th colspan="4">links &#8212; passed</th></tr><tr class="passedeven"><td rowspan="2">testingbaba.Testingbaba_links_test</td><td><a href="#m16">LinksTestingBaba_test01</a></td><td rowspan="1">1648222418540</td><td rowspan="1">116</td></tr><tr class="passedeven"><td><a href="#m17">LinksTestingBaba_test02</a></td><td rowspan="1">1648222418659</td><td rowspan="1">2313</td></tr></tbody>
<tbody id="t6"><tr><th colspan="4">radio &#8212; failed</th></tr><tr class="failedeven"><td rowspan="1">testingbaba.Testingbaba_radio_test</td><td><a href="#m18">RadioButtonTestingBaba_test01</a></td><td rowspan="1">1648222426986</td><td rowspan="1">1190</td></tr></tbody>
<tbody id="t7"><tr><th colspan="4">autocomplete &#8212; passed</th></tr><tr class="passedeven"><td rowspan="3">testingbaba.Testingbaba_autocomplete_test</td><td><a href="#m19">AutocompleteTestingBaba_test01</a></td><td rowspan="1">1648222436794</td><td rowspan="1">160</td></tr><tr class="passedeven"><td><a href="#m20">AutocompleteTestingBaba_test02</a></td><td rowspan="1">1648222436955</td><td rowspan="1">1152</td></tr><tr class="passedeven"><td><a href="#m21">AutocompleteTestingBaba_test03</a></td><td rowspan="1">1648222438107</td><td rowspan="1">2534</td></tr></tbody>
<tbody id="t8"><tr><th colspan="4">Webtable &#8212; failed (configuration methods)</th></tr><tr class="failedeven"><td rowspan="1">testingbaba.Testingbaba_webtables_test</td><td><a href="#m22">launchtestingbaba</a></td><td rowspan="1">1648222441401</td><td rowspan="1">7230</td></tr><tr><th colspan="4">Webtable &#8212; skipped (configuration methods)</th></tr><tr class="skippedeven"><td rowspan="1">testingbaba.Testingbaba_webtables_test</td><td><a href="#m23">Teardown</a></td><td rowspan="1">1648222448635</td><td rowspan="1">0</td></tr><tr><th colspan="4">Webtable &#8212; skipped</th></tr><tr class="skippedeven"><td rowspan="1">testingbaba.Testingbaba_webtables_test</td><td><a href="#m24">WebTablesTestingBaba_test01</a></td><td rowspan="1">1648222448633</td><td rowspan="1">0</td></tr></tbody>
<tbody id="t9"><tr><th colspan="4">Flipkart &#8212; passed</th></tr><tr class="passedeven"><td rowspan="2">flipkart.Flipkart_buy_test</td><td><a href="#m25">FlipkartLogin_Test01</a></td><td rowspan="1">1648222455342</td><td rowspan="1">2543</td></tr><tr class="passedeven"><td><a href="#m26">FlipkartProfileChange_Test02</a></td><td rowspan="1">1648222457887</td><td rowspan="1">19878</td></tr></tbody>
<tbody id="t10"><tr><th colspan="4">Flipkart_Buy_product &#8212; passed</th></tr><tr class="passedeven"><td rowspan="1">flipkart.Flipkart_buyproduct_test</td><td><a href="#m27">FlipkartLoginInvalidCred_Test01</a></td><td rowspan="1">1648222482443</td><td rowspan="1">3853</td></tr></tbody>
<tbody id="t11"><tr><th colspan="4">Makemytrip &#8212; passed</th></tr><tr class="passedeven"><td rowspan="2">makemytrip.Makemytrip_launch_test</td><td><a href="#m28">MakemyTripSendINValidNumber_Test02</a></td><td rowspan="1">1648222498449</td><td rowspan="1">10987</td></tr><tr class="passedeven"><td><a href="#m29">MakemyTripSendValidNumber_Test01</a></td><td rowspan="1">1648222493479</td><td rowspan="1">4969</td></tr></tbody>
</table>
<h2>smoke</h2><h3 id="m0">testingbaba.Testingbaba_launch_test#LaunchTestingBaba_test01</h3><table class="result"><tr><th>Messages</th></tr><tr><td><div class="messages">Testcase LaunchTestingBaba_test01 started successfully<br/>Testcase LaunchTestingBaba_test01 passed successfully</div></td></tr></table><p class="totop"><a href="#summary">back to summary</a></p>
<h2>Textbox</h2><h3 id="m1">testingbaba.Testingbaba_textbox_test#launchtestingbaba</h3><table class="result"><tr><th>Exception</th></tr><tr><td><div class="stacktrace">org.openqa.selenium.ElementClickInterceptedException: element click intercepted: Element &lt;a class=&quot;nav-link&quot; href=&quot;newdemo.html&quot;&gt;...&lt;/a&gt; is not clickable at point (566, 34). Other element would receive the click: &lt;div class=&quot;modal-header&quot;&gt;...&lt;/div&gt;
  (Session info: chrome=99.0.4844.82)
Build info: version: &apos;4.1.2&apos;, revision: &apos;9a5a329c5a&apos;
System info: host: &apos;DESKTOP-493EAAE&apos;, ip: &apos;192.168.1.8&apos;, os.name: &apos;Windows 10&apos;, os.arch: &apos;amd64&apos;, os.version: &apos;10.0&apos;, java.version: &apos;11.0.12&apos;
Driver info: org.openqa.selenium.chrome.ChromeDriver
Command: [6cae2bf796b4fc398bdda567d99539ac, clickElement {id=b12c99be-331a-4e8c-93f0-3b1e7169ad51}]
Capabilities {acceptInsecureCerts: false, browserName: chrome, browserVersion: 99.0.4844.82, chrome: {chromedriverVersion: 99.0.4844.51 (d537ec02474b5..., userDataDir: C:\WINDOWS\TEMP\scoped_dir2...}, goog:chromeOptions: {debuggerAddress: localhost:54214}, javascriptEnabled: true, networkConnectionEnabled: false, pageLoadStrategy: normal, platform: WINDOWS, platformName: WINDOWS, proxy: Proxy(), se:cdp: ws://localhost:54214/devtoo..., se:cdpVersion: 99.0.4844.82, setWindowRect: true, strictFileInteractability: false, timeouts: {implicit: 0, pageLoad: 300000, script: 30000}, unhandledPromptBehavior: dismiss and notify, webauthn:extension:credBlob: true, webauthn:extension:largeBlob: true, webauthn:virtualAuthenticators: true}
Element: [[ChromeDriver: chrome on WINDOWS (6cae2bf796b4fc398bdda567d99539ac)] -&gt; xpath: //*[@id=&quot;navbarSupportedContent&quot;]/ul/li[5]/a]
Session ID: 6cae2bf796b4fc398bdda567d99539ac
	at org.openqa.selenium.remote.codec.w3c.W3CHttpResponseCodec.createException(W3CHttpResponseCodec.java:200)
	at org.openqa.selenium.remote.codec.w3c.W3CHttpResponseCodec.decode(W3CHttpResponseCodec.java:133)
	at org.openqa.selenium.remote.codec.w3c.W3CHttpResponseCodec.decode(W3CHttpResponseCodec.java:53)
	at org.openqa.selenium.remote.HttpCommandExecutor.execute(HttpCommandExecutor.java:184)
	at org.openqa.selenium.remote.service.DriverCommandExecutor.invokeExecute(DriverCommandExecutor.java:167)
	at org.openqa.selenium.remote.service.DriverCommandExecutor.execute(DriverCommandExecutor.java:142)
	at org.openqa.selenium.remote.RemoteWebDriver.execute(RemoteWebDriver.java:558)
	at org.openqa.selenium.remote.RemoteWebElement.execute(RemoteWebElement.java:251)
	at org.openqa.selenium.remote.RemoteWebElement.click(RemoteWebElement.java:77)
	at org.openqa.selenium.support.pagefactory.internal.LocatingElementHandler.invoke(LocatingElementHandler.java:52)
	at com.sun.proxy.$Proxy29.click(Unknown Source)
	at pages.Testingbaba_textbox_page.closebtn(Testingbaba_textbox_page.java:68)
	at testingbaba.Testingbaba_textbox_test.launchtestingbaba(Testingbaba_textbox_test.java:30)
... Removed 35 stack frames</div></td></tr></table><p class="totop"><a href="#summary">back to summary</a></p>
<h3 id="m2">testingbaba.Testingbaba_textbox_test#Teardown</h3><table class="result"><tr><th class="invisible"/></tr></table><p class="totop"><a href="#summary">back to summary</a></p>
<h3 id="m3">testingbaba.Testingbaba_textbox_test#TextboxTestingBaba_test01</h3><table class="result"><tr><th>Messages</th></tr><tr><td><div class="messages">Testcase TextboxTestingBaba_test01 got skipped<br/>Testcase TextboxTestingBaba_test02 started successfully</div></td></tr><tr><th>Exception</th></tr><tr><td><div class="stacktrace">org.openqa.selenium.ElementClickInterceptedException: element click intercepted: Element &lt;a class=&quot;nav-link&quot; href=&quot;newdemo.html&quot;&gt;...&lt;/a&gt; is not clickable at point (566, 34). Other element would receive the click: &lt;div class=&quot;modal-header&quot;&gt;...&lt;/div&gt;
  (Session info: chrome=99.0.4844.82)
Build info: version: &apos;4.1.2&apos;, revision: &apos;9a5a329c5a&apos;
System info: host: &apos;DESKTOP-493EAAE&apos;, ip: &apos;192.168.1.8&apos;, os.name: &apos;Windows 10&apos;, os.arch: &apos;amd64&apos;, os.version: &apos;10.0&apos;, java.version: &apos;11.0.12&apos;
Driver info: org.openqa.selenium.chrome.ChromeDriver
Command: [6cae2bf796b4fc398bdda567d99539ac, clickElement {id=b12c99be-331a-4e8c-93f0-3b1e7169ad51}]
Capabilities {acceptInsecureCerts: false, browserName: chrome, browserVersion: 99.0.4844.82, chrome: {chromedriverVersion: 99.0.4844.51 (d537ec02474b5..., userDataDir: C:\WINDOWS\TEMP\scoped_dir2...}, goog:chromeOptions: {debuggerAddress: localhost:54214}, javascriptEnabled: true, networkConnectionEnabled: false, pageLoadStrategy: normal, platform: WINDOWS, platformName: WINDOWS, proxy: Proxy(), se:cdp: ws://localhost:54214/devtoo..., se:cdpVersion: 99.0.4844.82, setWindowRect: true, strictFileInteractability: false, timeouts: {implicit: 0, pageLoad: 300000, script: 30000}, unhandledPromptBehavior: dismiss and notify, webauthn:extension:credBlob: true, webauthn:extension:largeBlob: true, webauthn:virtualAuthenticators: true}
Element: [[ChromeDriver: chrome on WINDOWS (6cae2bf796b4fc398bdda567d99539ac)] -&gt; xpath: //*[@id=&quot;navbarSupportedContent&quot;]/ul/li[5]/a]
Session ID: 6cae2bf796b4fc398bdda567d99539ac
	at org.openqa.selenium.remote.codec.w3c.W3CHttpResponseCodec.createException(W3CHttpResponseCodec.java:200)
	at org.openqa.selenium.remote.codec.w3c.W3CHttpResponseCodec.decode(W3CHttpResponseCodec.java:133)
	at org.openqa.selenium.remote.codec.w3c.W3CHttpResponseCodec.decode(W3CHttpResponseCodec.java:53)
	at org.openqa.selenium.remote.HttpCommandExecutor.execute(HttpCommandExecutor.java:184)
	at org.openqa.selenium.remote.service.DriverCommandExecutor.invokeExecute(DriverCommandExecutor.java:167)
	at org.openqa.selenium.remote.service.DriverCommandExecutor.execute(DriverCommandExecutor.java:142)
	at org.openqa.selenium.remote.RemoteWebDriver.execute(RemoteWebDriver.java:558)
	at org.openqa.selenium.remote.RemoteWebElement.execute(RemoteWebElement.java:251)
	at org.openqa.selenium.remote.RemoteWebElement.click(RemoteWebElement.java:77)
	at org.openqa.selenium.support.pagefactory.internal.LocatingElementHandler.invoke(LocatingElementHandler.java:52)
	at com.sun.proxy.$Proxy29.click(Unknown Source)
	at pages.Testingbaba_textbox_page.closebtn(Testingbaba_textbox_page.java:68)
	at testingbaba.Testingbaba_textbox_test.launchtestingbaba(Testingbaba_textbox_test.java:30)
... Removed 35 stack frames</div></td></tr></table><p class="totop"><a href="#summary">back to summary</a></p>
<h3 id="m4">testingbaba.Testingbaba_textbox_test#TextboxTestingBaba_test02</h3><table class="result"><tr><th>Messages</th></tr><tr><td><div class="messages">Testcase TextboxTestingBaba_test02 got skipped<br/>Testcase TextboxTestingBaba_test03 started successfully</div></td></tr><tr><th>Exception</th></tr><tr><td><div class="stacktrace">org.openqa.selenium.ElementClickInterceptedException: element click intercepted: Element &lt;a class=&quot;nav-link&quot; href=&quot;newdemo.html&quot;&gt;...&lt;/a&gt; is not clickable at point (566, 34). Other element would receive the click: &lt;div class=&quot;modal-header&quot;&gt;...&lt;/div&gt;
  (Session info: chrome=99.0.4844.82)
Build info: version: &apos;4.1.2&apos;, revision: &apos;9a5a329c5a&apos;
System info: host: &apos;DESKTOP-493EAAE&apos;, ip: &apos;192.168.1.8&apos;, os.name: &apos;Windows 10&apos;, os.arch: &apos;amd64&apos;, os.version: &apos;10.0&apos;, java.version: &apos;11.0.12&apos;
Driver info: org.openqa.selenium.chrome.ChromeDriver
Command: [6cae2bf796b4fc398bdda567d99539ac, clickElement {id=b12c99be-331a-4e8c-93f0-3b1e7169ad51}]
Capabilities {acceptInsecureCerts: false, browserName: chrome, browserVersion: 99.0.4844.82, chrome: {chromedriverVersion: 99.0.4844.51 (d537ec02474b5..., userDataDir: C:\WINDOWS\TEMP\scoped_dir2...}, goog:chromeOptions: {debuggerAddress: localhost:54214}, javascriptEnabled: true, networkConnectionEnabled: false, pageLoadStrategy: normal, platform: WINDOWS, platformName: WINDOWS, proxy: Proxy(), se:cdp: ws://localhost:54214/devtoo..., se:cdpVersion: 99.0.4844.82, setWindowRect: true, strictFileInteractability: false, timeouts: {implicit: 0, pageLoad: 300000, script: 30000}, unhandledPromptBehavior: dismiss and notify, webauthn:extension:credBlob: true, webauthn:extension:largeBlob: true, webauthn:virtualAuthenticators: true}
Element: [[ChromeDriver: chrome on WINDOWS (6cae2bf796b4fc398bdda567d99539ac)] -&gt; xpath: //*[@id=&quot;navbarSupportedContent&quot;]/ul/li[5]/a]
Session ID: 6cae2bf796b4fc398bdda567d99539ac
	at org.openqa.selenium.remote.codec.w3c.W3CHttpResponseCodec.createException(W3CHttpResponseCodec.java:200)
	at org.openqa.selenium.remote.codec.w3c.W3CHttpResponseCodec.decode(W3CHttpResponseCodec.java:133)
	at org.openqa.selenium.remote.codec.w3c.W3CHttpResponseCodec.decode(W3CHttpResponseCodec.java:53)
	at org.openqa.selenium.remote.HttpCommandExecutor.execute(HttpCommandExecutor.java:184)
	at org.openqa.selenium.remote.service.DriverCommandExecutor.invokeExecute(DriverCommandExecutor.java:167)
	at org.openqa.selenium.remote.service.DriverCommandExecutor.execute(DriverCommandExecutor.java:142)
	at org.openqa.selenium.remote.RemoteWebDriver.execute(RemoteWebDriver.java:558)
	at org.openqa.selenium.remote.RemoteWebElement.execute(RemoteWebElement.java:251)
	at org.openqa.selenium.remote.RemoteWebElement.click(RemoteWebElement.java:77)
	at org.openqa.selenium.support.pagefactory.internal.LocatingElementHandler.invoke(LocatingElementHandler.java:52)
	at com.sun.proxy.$Proxy29.click(Unknown Source)
	at pages.Testingbaba_textbox_page.closebtn(Testingbaba_textbox_page.java:68)
	at testingbaba.Testingbaba_textbox_test.launchtestingbaba(Testingbaba_textbox_test.java:30)
... Removed 35 stack frames</div></td></tr></table><p class="totop"><a href="#summary">back to summary</a></p>
<h3 id="m5">testingbaba.Testingbaba_textbox_test#TextboxTestingBaba_test03</h3><table class="result"><tr><th>Messages</th></tr><tr><td><div class="messages">Testcase TextboxTestingBaba_test03 got skipped<br/>Testcase TextboxTestingBaba_test04 started successfully</div></td></tr><tr><th>Exception</th></tr><tr><td><div class="stacktrace">org.openqa.selenium.ElementClickInterceptedException: element click intercepted: Element &lt;a class=&quot;nav-link&quot; href=&quot;newdemo.html&quot;&gt;...&lt;/a&gt; is not clickable at point (566, 34). Other element would receive the click: &lt;div class=&quot;modal-header&quot;&gt;...&lt;/div&gt;
  (Session info: chrome=99.0.4844.82)
Build info: version: &apos;4.1.2&apos;, revision: &apos;9a5a329c5a&apos;
System info: host: &apos;DESKTOP-493EAAE&apos;, ip: &apos;192.168.1.8&apos;, os.name: &apos;Windows 10&apos;, os.arch: &apos;amd64&apos;, os.version: &apos;10.0&apos;, java.version: &apos;11.0.12&apos;
Driver info: org.openqa.selenium.chrome.ChromeDriver
Command: [6cae2bf796b4fc398bdda567d99539ac, clickElement {id=b12c99be-331a-4e8c-93f0-3b1e7169ad51}]
Capabilities {acceptInsecureCerts: false, browserName: chrome, browserVersion: 99.0.4844.82, chrome: {chromedriverVersion: 99.0.4844.51 (d537ec02474b5..., userDataDir: C:\WINDOWS\TEMP\scoped_dir2...}, goog:chromeOptions: {debuggerAddress: localhost:54214}, javascriptEnabled: true, networkConnectionEnabled: false, pageLoadStrategy: normal, platform: WINDOWS, platformName: WINDOWS, proxy: Proxy(), se:cdp: ws://localhost:54214/devtoo..., se:cdpVersion: 99.0.4844.82, setWindowRect: true, strictFileInteractability: false, timeouts: {implicit: 0, pageLoad: 300000, script: 30000}, unhandledPromptBehavior: dismiss and notify, webauthn:extension:credBlob: true, webauthn:extension:largeBlob: true, webauthn:virtualAuthenticators: true}
Element: [[ChromeDriver: chrome on WINDOWS (6cae2bf796b4fc398bdda567d99539ac)] -&gt; xpath: //*[@id=&quot;navbarSupportedContent&quot;]/ul/li[5]/a]
Session ID: 6cae2bf796b4fc398bdda567d99539ac
	at org.openqa.selenium.remote.codec.w3c.W3CHttpResponseCodec.createException(W3CHttpResponseCodec.java:200)
	at org.openqa.selenium.remote.codec.w3c.W3CHttpResponseCodec.decode(W3CHttpResponseCodec.java:133)
	at org.openqa.selenium.remote.codec.w3c.W3CHttpResponseCodec.decode(W3CHttpResponseCodec.java:53)
	at org.openqa.selenium.remote.HttpCommandExecutor.execute(HttpCommandExecutor.java:184)
	at org.openqa.selenium.remote.service.DriverCommandExecutor.invokeExecute(DriverCommandExecutor.java:167)
	at org.openqa.selenium.remote.service.DriverCommandExecutor.execute(DriverCommandExecutor.java:142)
	at org.openqa.selenium.remote.RemoteWebDriver.execute(RemoteWebDriver.java:558)
	at org.openqa.selenium.remote.RemoteWebElement.execute(RemoteWebElement.java:251)
	at org.openqa.selenium.remote.RemoteWebElement.click(RemoteWebElement.java:77)
	at org.openqa.selenium.support.pagefactory.internal.LocatingElementHandler.invoke(LocatingElementHandler.java:52)
	at com.sun.proxy.$Proxy29.click(Unknown Source)
	at pages.Testingbaba_textbox_page.closebtn(Testingbaba_textbox_page.java:68)
	at testingbaba.Testingbaba_textbox_test.launchtestingbaba(Testingbaba_textbox_test.java:30)
... Removed 35 stack frames</div></td></tr></table><p class="totop"><a href="#summary">back to summary</a></p>
<h3 id="m6">testingbaba.Testingbaba_textbox_test#TextboxTestingBaba_test04</h3><table class="result"><tr><th>Messages</th></tr><tr><td><div class="messages">Testcase TextboxTestingBaba_test04 got skipped<br/>About to end executing Class Textbox<br/>About to begin executing Class buttons</div></td></tr><tr><th>Exception</th></tr><tr><td><div class="stacktrace">org.openqa.selenium.ElementClickInterceptedException: element click intercepted: Element &lt;a class=&quot;nav-link&quot; href=&quot;newdemo.html&quot;&gt;...&lt;/a&gt; is not clickable at point (566, 34). Other element would receive the click: &lt;div class=&quot;modal-header&quot;&gt;...&lt;/div&gt;
  (Session info: chrome=99.0.4844.82)
Build info: version: &apos;4.1.2&apos;, revision: &apos;9a5a329c5a&apos;
System info: host: &apos;DESKTOP-493EAAE&apos;, ip: &apos;192.168.1.8&apos;, os.name: &apos;Windows 10&apos;, os.arch: &apos;amd64&apos;, os.version: &apos;10.0&apos;, java.version: &apos;11.0.12&apos;
Driver info: org.openqa.selenium.chrome.ChromeDriver
Command: [6cae2bf796b4fc398bdda567d99539ac, clickElement {id=b12c99be-331a-4e8c-93f0-3b1e7169ad51}]
Capabilities {acceptInsecureCerts: false, browserName: chrome, browserVersion: 99.0.4844.82, chrome: {chromedriverVersion: 99.0.4844.51 (d537ec02474b5..., userDataDir: C:\WINDOWS\TEMP\scoped_dir2...}, goog:chromeOptions: {debuggerAddress: localhost:54214}, javascriptEnabled: true, networkConnectionEnabled: false, pageLoadStrategy: normal, platform: WINDOWS, platformName: WINDOWS, proxy: Proxy(), se:cdp: ws://localhost:54214/devtoo..., se:cdpVersion: 99.0.4844.82, setWindowRect: true, strictFileInteractability: false, timeouts: {implicit: 0, pageLoad: 300000, script: 30000}, unhandledPromptBehavior: dismiss and notify, webauthn:extension:credBlob: true, webauthn:extension:largeBlob: true, webauthn:virtualAuthenticators: true}
Element: [[ChromeDriver: chrome on WINDOWS (6cae2bf796b4fc398bdda567d99539ac)] -&gt; xpath: //*[@id=&quot;navbarSupportedContent&quot;]/ul/li[5]/a]
Session ID: 6cae2bf796b4fc398bdda567d99539ac
	at org.openqa.selenium.remote.codec.w3c.W3CHttpResponseCodec.createException(W3CHttpResponseCodec.java:200)
	at org.openqa.selenium.remote.codec.w3c.W3CHttpResponseCodec.decode(W3CHttpResponseCodec.java:133)
	at org.openqa.selenium.remote.codec.w3c.W3CHttpResponseCodec.decode(W3CHttpResponseCodec.java:53)
	at org.openqa.selenium.remote.HttpCommandExecutor.execute(HttpCommandExecutor.java:184)
	at org.openqa.selenium.remote.service.DriverCommandExecutor.invokeExecute(DriverCommandExecutor.java:167)
	at org.openqa.selenium.remote.service.DriverCommandExecutor.execute(DriverCommandExecutor.java:142)
	at org.openqa.selenium.remote.RemoteWebDriver.execute(RemoteWebDriver.java:558)
	at org.openqa.selenium.remote.RemoteWebElement.execute(RemoteWebElement.java:251)
	at org.openqa.selenium.remote.RemoteWebElement.click(RemoteWebElement.java:77)
	at org.openqa.selenium.support.pagefactory.internal.LocatingElementHandler.invoke(LocatingElementHandler.java:52)
	at com.sun.proxy.$Proxy29.click(Unknown Source)
	at pages.Testingbaba_textbox_page.closebtn(Testingbaba_textbox_page.java:68)
	at testingbaba.Testingbaba_textbox_test.launchtestingbaba(Testingbaba_textbox_test.java:30)
... Removed 35 stack frames</div></td></tr></table><p class="totop"><a href="#summary">back to summary</a></p>
<h2>buttons</h2><h3 id="m7">testingbaba.Testingbaba_buttons_test#ButtonsTestingBaba_test01</h3><table class="result"><tr><th>Messages</th></tr><tr><td><div class="messages">Testcase ButtonsTestingBaba_test01 started successfully<br/>Testcase ButtonsTestingBaba_test01 passed successfully</div></td></tr></table><p class="totop"><a href="#summary">back to summary</a></p>
<h3 id="m8">testingbaba.Testingbaba_buttons_test#ButtonsTestingBaba_test02</h3><table class="result"><tr><th>Messages</th></tr><tr><td><div class="messages">Testcase ButtonsTestingBaba_test02 started successfully<br/>Testcase ButtonsTestingBaba_test02 passed successfully</div></td></tr></table><p class="totop"><a href="#summary">back to summary</a></p>
<h3 id="m9">testingbaba.Testingbaba_buttons_test#ButtonsTestingBaba_test03</h3><table class="result"><tr><th>Messages</th></tr><tr><td><div class="messages">Testcase ButtonsTestingBaba_test03 started successfully<br/>Testcase ButtonsTestingBaba_test03 passed successfully</div></td></tr></table><p class="totop"><a href="#summary">back to summary</a></p>
<h2>checkbox</h2><h3 id="m10">testingbaba.Testingbaba_checkbox_test#launchtestingbaba</h3><table class="result"><tr><th>Exception</th></tr><tr><td><div class="stacktrace">org.openqa.selenium.ElementClickInterceptedException: element click intercepted: Element &lt;a class=&quot;nav-link&quot; href=&quot;newdemo.html&quot;&gt;...&lt;/a&gt; is not clickable at point (566, 34). Other element would receive the click: &lt;div class=&quot;modal-header&quot;&gt;...&lt;/div&gt;
  (Session info: chrome=99.0.4844.82)
Build info: version: &apos;4.1.2&apos;, revision: &apos;9a5a329c5a&apos;
System info: host: &apos;DESKTOP-493EAAE&apos;, ip: &apos;192.168.1.8&apos;, os.name: &apos;Windows 10&apos;, os.arch: &apos;amd64&apos;, os.version: &apos;10.0&apos;, java.version: &apos;11.0.12&apos;
Driver info: org.openqa.selenium.chrome.ChromeDriver
Command: [055b45b487ebf9bc3ab184350526f341, clickElement {id=903e35b7-528a-40d6-a275-5c0e98e93e77}]
Capabilities {acceptInsecureCerts: false, browserName: chrome, browserVersion: 99.0.4844.82, chrome: {chromedriverVersion: 99.0.4844.51 (d537ec02474b5..., userDataDir: C:\WINDOWS\TEMP\scoped_dir1...}, goog:chromeOptions: {debuggerAddress: localhost:54267}, javascriptEnabled: true, networkConnectionEnabled: false, pageLoadStrategy: normal, platform: WINDOWS, platformName: WINDOWS, proxy: Proxy(), se:cdp: ws://localhost:54267/devtoo..., se:cdpVersion: 99.0.4844.82, setWindowRect: true, strictFileInteractability: false, timeouts: {implicit: 0, pageLoad: 300000, script: 30000}, unhandledPromptBehavior: dismiss and notify, webauthn:extension:credBlob: true, webauthn:extension:largeBlob: true, webauthn:virtualAuthenticators: true}
Element: [[ChromeDriver: chrome on WINDOWS (055b45b487ebf9bc3ab184350526f341)] -&gt; xpath: //*[@id=&quot;navbarSupportedContent&quot;]/ul/li[5]/a]
Session ID: 055b45b487ebf9bc3ab184350526f341
	at org.openqa.selenium.remote.codec.w3c.W3CHttpResponseCodec.createException(W3CHttpResponseCodec.java:200)
	at org.openqa.selenium.remote.codec.w3c.W3CHttpResponseCodec.decode(W3CHttpResponseCodec.java:133)
	at org.openqa.selenium.remote.codec.w3c.W3CHttpResponseCodec.decode(W3CHttpResponseCodec.java:53)
	at org.openqa.selenium.remote.HttpCommandExecutor.execute(HttpCommandExecutor.java:184)
	at org.openqa.selenium.remote.service.DriverCommandExecutor.invokeExecute(DriverCommandExecutor.java:167)
	at org.openqa.selenium.remote.service.DriverCommandExecutor.execute(DriverCommandExecutor.java:142)
	at org.openqa.selenium.remote.RemoteWebDriver.execute(RemoteWebDriver.java:558)
	at org.openqa.selenium.remote.RemoteWebElement.execute(RemoteWebElement.java:251)
	at org.openqa.selenium.remote.RemoteWebElement.click(RemoteWebElement.java:77)
	at org.openqa.selenium.support.pagefactory.internal.LocatingElementHandler.invoke(LocatingElementHandler.java:52)
	at com.sun.proxy.$Proxy29.click(Unknown Source)
	at pages.Testingbaba_checkbox_page.closebtn(Testingbaba_checkbox_page.java:51)
	at testingbaba.Testingbaba_checkbox_test.launchtestingbaba(Testingbaba_checkbox_test.java:25)
... Removed 35 stack frames</div></td></tr></table><p class="totop"><a href="#summary">back to summary</a></p>
<h3 id="m11">testingbaba.Testingbaba_checkbox_test#Teardown</h3><table class="result"><tr><th class="invisible"/></tr></table><p class="totop"><a href="#summary">back to summary</a></p>
<h3 id="m12">testingbaba.Testingbaba_checkbox_test#CheckboxTestingBaba_test01</h3><table class="result"><tr><th>Messages</th></tr><tr><td><div class="messages">Testcase CheckboxTestingBaba_test01 got skipped<br/>Testcase CheckboxTestingBaba_test02 started successfully</div></td></tr><tr><th>Exception</th></tr><tr><td><div class="stacktrace">org.openqa.selenium.ElementClickInterceptedException: element click intercepted: Element &lt;a class=&quot;nav-link&quot; href=&quot;newdemo.html&quot;&gt;...&lt;/a&gt; is not clickable at point (566, 34). Other element would receive the click: &lt;div class=&quot;modal-header&quot;&gt;...&lt;/div&gt;
  (Session info: chrome=99.0.4844.82)
Build info: version: &apos;4.1.2&apos;, revision: &apos;9a5a329c5a&apos;
System info: host: &apos;DESKTOP-493EAAE&apos;, ip: &apos;192.168.1.8&apos;, os.name: &apos;Windows 10&apos;, os.arch: &apos;amd64&apos;, os.version: &apos;10.0&apos;, java.version: &apos;11.0.12&apos;
Driver info: org.openqa.selenium.chrome.ChromeDriver
Command: [055b45b487ebf9bc3ab184350526f341, clickElement {id=903e35b7-528a-40d6-a275-5c0e98e93e77}]
Capabilities {acceptInsecureCerts: false, browserName: chrome, browserVersion: 99.0.4844.82, chrome: {chromedriverVersion: 99.0.4844.51 (d537ec02474b5..., userDataDir: C:\WINDOWS\TEMP\scoped_dir1...}, goog:chromeOptions: {debuggerAddress: localhost:54267}, javascriptEnabled: true, networkConnectionEnabled: false, pageLoadStrategy: normal, platform: WINDOWS, platformName: WINDOWS, proxy: Proxy(), se:cdp: ws://localhost:54267/devtoo..., se:cdpVersion: 99.0.4844.82, setWindowRect: true, strictFileInteractability: false, timeouts: {implicit: 0, pageLoad: 300000, script: 30000}, unhandledPromptBehavior: dismiss and notify, webauthn:extension:credBlob: true, webauthn:extension:largeBlob: true, webauthn:virtualAuthenticators: true}
Element: [[ChromeDriver: chrome on WINDOWS (055b45b487ebf9bc3ab184350526f341)] -&gt; xpath: //*[@id=&quot;navbarSupportedContent&quot;]/ul/li[5]/a]
Session ID: 055b45b487ebf9bc3ab184350526f341
	at org.openqa.selenium.remote.codec.w3c.W3CHttpResponseCodec.createException(W3CHttpResponseCodec.java:200)
	at org.openqa.selenium.remote.codec.w3c.W3CHttpResponseCodec.decode(W3CHttpResponseCodec.java:133)
	at org.openqa.selenium.remote.codec.w3c.W3CHttpResponseCodec.decode(W3CHttpResponseCodec.java:53)
	at org.openqa.selenium.remote.HttpCommandExecutor.execute(HttpCommandExecutor.java:184)
	at org.openqa.selenium.remote.service.DriverCommandExecutor.invokeExecute(DriverCommandExecutor.java:167)
	at org.openqa.selenium.remote.service.DriverCommandExecutor.execute(DriverCommandExecutor.java:142)
	at org.openqa.selenium.remote.RemoteWebDriver.execute(RemoteWebDriver.java:558)
	at org.openqa.selenium.remote.RemoteWebElement.execute(RemoteWebElement.java:251)
	at org.openqa.selenium.remote.RemoteWebElement.click(RemoteWebElement.java:77)
	at org.openqa.selenium.support.pagefactory.internal.LocatingElementHandler.invoke(LocatingElementHandler.java:52)
	at com.sun.proxy.$Proxy29.click(Unknown Source)
	at pages.Testingbaba_checkbox_page.closebtn(Testingbaba_checkbox_page.java:51)
	at testingbaba.Testingbaba_checkbox_test.launchtestingbaba(Testingbaba_checkbox_test.java:25)
... Removed 35 stack frames</div></td></tr></table><p class="totop"><a href="#summary">back to summary</a></p>
<h3 id="m13">testingbaba.Testingbaba_checkbox_test#CheckboxTestingBaba_test02</h3><table class="result"><tr><th>Messages</th></tr><tr><td><div class="messages">Testcase CheckboxTestingBaba_test02 got skipped<br/>Testcase CheckboxTestingBaba_test03 started successfully</div></td></tr><tr><th>Exception</th></tr><tr><td><div class="stacktrace">org.openqa.selenium.ElementClickInterceptedException: element click intercepted: Element &lt;a class=&quot;nav-link&quot; href=&quot;newdemo.html&quot;&gt;...&lt;/a&gt; is not clickable at point (566, 34). Other element would receive the click: &lt;div class=&quot;modal-header&quot;&gt;...&lt;/div&gt;
  (Session info: chrome=99.0.4844.82)
Build info: version: &apos;4.1.2&apos;, revision: &apos;9a5a329c5a&apos;
System info: host: &apos;DESKTOP-493EAAE&apos;, ip: &apos;192.168.1.8&apos;, os.name: &apos;Windows 10&apos;, os.arch: &apos;amd64&apos;, os.version: &apos;10.0&apos;, java.version: &apos;11.0.12&apos;
Driver info: org.openqa.selenium.chrome.ChromeDriver
Command: [055b45b487ebf9bc3ab184350526f341, clickElement {id=903e35b7-528a-40d6-a275-5c0e98e93e77}]
Capabilities {acceptInsecureCerts: false, browserName: chrome, browserVersion: 99.0.4844.82, chrome: {chromedriverVersion: 99.0.4844.51 (d537ec02474b5..., userDataDir: C:\WINDOWS\TEMP\scoped_dir1...}, goog:chromeOptions: {debuggerAddress: localhost:54267}, javascriptEnabled: true, networkConnectionEnabled: false, pageLoadStrategy: normal, platform: WINDOWS, platformName: WINDOWS, proxy: Proxy(), se:cdp: ws://localhost:54267/devtoo..., se:cdpVersion: 99.0.4844.82, setWindowRect: true, strictFileInteractability: false, timeouts: {implicit: 0, pageLoad: 300000, script: 30000}, unhandledPromptBehavior: dismiss and notify, webauthn:extension:credBlob: true, webauthn:extension:largeBlob: true, webauthn:virtualAuthenticators: true}
Element: [[ChromeDriver: chrome on WINDOWS (055b45b487ebf9bc3ab184350526f341)] -&gt; xpath: //*[@id=&quot;navbarSupportedContent&quot;]/ul/li[5]/a]
Session ID: 055b45b487ebf9bc3ab184350526f341
	at org.openqa.selenium.remote.codec.w3c.W3CHttpResponseCodec.createException(W3CHttpResponseCodec.java:200)
	at org.openqa.selenium.remote.codec.w3c.W3CHttpResponseCodec.decode(W3CHttpResponseCodec.java:133)
	at org.openqa.selenium.remote.codec.w3c.W3CHttpResponseCodec.decode(W3CHttpResponseCodec.java:53)
	at org.openqa.selenium.remote.HttpCommandExecutor.execute(HttpCommandExecutor.java:184)
	at org.openqa.selenium.remote.service.DriverCommandExecutor.invokeExecute(DriverCommandExecutor.java:167)
	at org.openqa.selenium.remote.service.DriverCommandExecutor.execute(DriverCommandExecutor.java:142)
	at org.openqa.selenium.remote.RemoteWebDriver.execute(RemoteWebDriver.java:558)
	at org.openqa.selenium.remote.RemoteWebElement.execute(RemoteWebElement.java:251)
	at org.openqa.selenium.remote.RemoteWebElement.click(RemoteWebElement.java:77)
	at org.openqa.selenium.support.pagefactory.internal.LocatingElementHandler.invoke(LocatingElementHandler.java:52)
	at com.sun.proxy.$Proxy29.click(Unknown Source)
	at pages.Testingbaba_checkbox_page.closebtn(Testingbaba_checkbox_page.java:51)
	at testingbaba.Testingbaba_checkbox_test.launchtestingbaba(Testingbaba_checkbox_test.java:25)
... Removed 35 stack frames</div></td></tr></table><p class="totop"><a href="#summary">back to summary</a></p>
<h3 id="m14">testingbaba.Testingbaba_checkbox_test#CheckboxTestingBaba_test03</h3><table class="result"><tr><th>Messages</th></tr><tr><td><div class="messages">Testcase CheckboxTestingBaba_test03 got skipped<br/>About to end executing Class checkbox<br/>About to begin executing Class dropdown</div></td></tr><tr><th>Exception</th></tr><tr><td><div class="stacktrace">org.openqa.selenium.ElementClickInterceptedException: element click intercepted: Element &lt;a class=&quot;nav-link&quot; href=&quot;newdemo.html&quot;&gt;...&lt;/a&gt; is not clickable at point (566, 34). Other element would receive the click: &lt;div class=&quot;modal-header&quot;&gt;...&lt;/div&gt;
  (Session info: chrome=99.0.4844.82)
Build info: version: &apos;4.1.2&apos;, revision: &apos;9a5a329c5a&apos;
System info: host: &apos;DESKTOP-493EAAE&apos;, ip: &apos;192.168.1.8&apos;, os.name: &apos;Windows 10&apos;, os.arch: &apos;amd64&apos;, os.version: &apos;10.0&apos;, java.version: &apos;11.0.12&apos;
Driver info: org.openqa.selenium.chrome.ChromeDriver
Command: [055b45b487ebf9bc3ab184350526f341, clickElement {id=903e35b7-528a-40d6-a275-5c0e98e93e77}]
Capabilities {acceptInsecureCerts: false, browserName: chrome, browserVersion: 99.0.4844.82, chrome: {chromedriverVersion: 99.0.4844.51 (d537ec02474b5..., userDataDir: C:\WINDOWS\TEMP\scoped_dir1...}, goog:chromeOptions: {debuggerAddress: localhost:54267}, javascriptEnabled: true, networkConnectionEnabled: false, pageLoadStrategy: normal, platform: WINDOWS, platformName: WINDOWS, proxy: Proxy(), se:cdp: ws://localhost:54267/devtoo..., se:cdpVersion: 99.0.4844.82, setWindowRect: true, strictFileInteractability: false, timeouts: {implicit: 0, pageLoad: 300000, script: 30000}, unhandledPromptBehavior: dismiss and notify, webauthn:extension:credBlob: true, webauthn:extension:largeBlob: true, webauthn:virtualAuthenticators: true}
Element: [[ChromeDriver: chrome on WINDOWS (055b45b487ebf9bc3ab184350526f341)] -&gt; xpath: //*[@id=&quot;navbarSupportedContent&quot;]/ul/li[5]/a]
Session ID: 055b45b487ebf9bc3ab184350526f341
	at org.openqa.selenium.remote.codec.w3c.W3CHttpResponseCodec.createException(W3CHttpResponseCodec.java:200)
	at org.openqa.selenium.remote.codec.w3c.W3CHttpResponseCodec.decode(W3CHttpResponseCodec.java:133)
	at org.openqa.selenium.remote.codec.w3c.W3CHttpResponseCodec.decode(W3CHttpResponseCodec.java:53)
	at org.openqa.selenium.remote.HttpCommandExecutor.execute(HttpCommandExecutor.java:184)
	at org.openqa.selenium.remote.service.DriverCommandExecutor.invokeExecute(DriverCommandExecutor.java:167)
	at org.openqa.selenium.remote.service.DriverCommandExecutor.execute(DriverCommandExecutor.java:142)
	at org.openqa.selenium.remote.RemoteWebDriver.execute(RemoteWebDriver.java:558)
	at org.openqa.selenium.remote.RemoteWebElement.execute(RemoteWebElement.java:251)
	at org.openqa.selenium.remote.RemoteWebElement.click(RemoteWebElement.java:77)
	at org.openqa.selenium.support.pagefactory.internal.LocatingElementHandler.invoke(LocatingElementHandler.java:52)
	at com.sun.proxy.$Proxy29.click(Unknown Source)
	at pages.Testingbaba_checkbox_page.closebtn(Testingbaba_checkbox_page.java:51)
	at testingbaba.Testingbaba_checkbox_test.launchtestingbaba(Testingbaba_checkbox_test.java:25)
... Removed 35 stack frames</div></td></tr></table><p class="totop"><a href="#summary">back to summary</a></p>
<h2>dropdown</h2><h3 id="m15">testingbaba.Testingbaba_dropdown_test#DropdownTestingBaba_test01</h3><table class="result"><tr><th>Messages</th></tr><tr><td><div class="messages">Testcase DropdownTestingBaba_test01 started successfully<br/>Testcase DropdownTestingBaba_test01 passed successfully</div></td></tr></table><p class="totop"><a href="#summary">back to summary</a></p>
<h2>links</h2><h3 id="m16">testingbaba.Testingbaba_links_test#LinksTestingBaba_test01</h3><table class="result"><tr><th>Messages</th></tr><tr><td><div class="messages">Testcase LinksTestingBaba_test01 started successfully<br/>Testcase LinksTestingBaba_test01 passed successfully</div></td></tr></table><p class="totop"><a href="#summary">back to summary</a></p>
<h3 id="m17">testingbaba.Testingbaba_links_test#LinksTestingBaba_test02</h3><table class="result"><tr><th>Messages</th></tr><tr><td><div class="messages">Testcase LinksTestingBaba_test02 started successfully<br/>Testcase LinksTestingBaba_test02 passed successfully</div></td></tr></table><p class="totop"><a href="#summary">back to summary</a></p>
<h2>radio</h2><h3 id="m18">testingbaba.Testingbaba_radio_test#RadioButtonTestingBaba_test01</h3><table class="result"><tr><th>Messages</th></tr><tr><td><div class="messages">Testcase RadioButtonTestingBaba_test01 started successfully<br/>Testcase RadioButtonTestingBaba_test01 failed</div></td></tr><tr><th>Exception</th></tr><tr><td><div class="stacktrace">org.openqa.selenium.ElementClickInterceptedException: element click intercepted: Element &lt;a class=&quot;nav-link&quot; href=&quot;newdemo.html&quot;&gt;...&lt;/a&gt; is not clickable at point (566, 34). Other element would receive the click: &lt;div class=&quot;modal-header&quot;&gt;...&lt;/div&gt;
  (Session info: chrome=99.0.4844.82)
Build info: version: &apos;4.1.2&apos;, revision: &apos;9a5a329c5a&apos;
System info: host: &apos;DESKTOP-493EAAE&apos;, ip: &apos;192.168.1.8&apos;, os.name: &apos;Windows 10&apos;, os.arch: &apos;amd64&apos;, os.version: &apos;10.0&apos;, java.version: &apos;11.0.12&apos;
Driver info: org.openqa.selenium.chrome.ChromeDriver
Command: [11915e490606b6ffd6ee49250fdf6a87, clickElement {id=5fced28a-b0e6-4159-81f4-9dcd7a51a84b}]
Capabilities {acceptInsecureCerts: false, browserName: chrome, browserVersion: 99.0.4844.82, chrome: {chromedriverVersion: 99.0.4844.51 (d537ec02474b5..., userDataDir: C:\WINDOWS\TEMP\scoped_dir1...}, goog:chromeOptions: {debuggerAddress: localhost:54363}, javascriptEnabled: true, networkConnectionEnabled: false, pageLoadStrategy: normal, platform: WINDOWS, platformName: WINDOWS, proxy: Proxy(), se:cdp: ws://localhost:54363/devtoo..., se:cdpVersion: 99.0.4844.82, setWindowRect: true, strictFileInteractability: false, timeouts: {implicit: 0, pageLoad: 300000, script: 30000}, unhandledPromptBehavior: dismiss and notify, webauthn:extension:credBlob: true, webauthn:extension:largeBlob: true, webauthn:virtualAuthenticators: true}
Element: [[ChromeDriver: chrome on WINDOWS (11915e490606b6ffd6ee49250fdf6a87)] -&gt; xpath: //*[@id=&quot;navbarSupportedContent&quot;]/ul/li[5]/a]
Session ID: 11915e490606b6ffd6ee49250fdf6a87
	at org.openqa.selenium.remote.codec.w3c.W3CHttpResponseCodec.createException(W3CHttpResponseCodec.java:200)
	at org.openqa.selenium.remote.codec.w3c.W3CHttpResponseCodec.decode(W3CHttpResponseCodec.java:133)
	at org.openqa.selenium.remote.codec.w3c.W3CHttpResponseCodec.decode(W3CHttpResponseCodec.java:53)
	at org.openqa.selenium.remote.HttpCommandExecutor.execute(HttpCommandExecutor.java:184)
	at org.openqa.selenium.remote.service.DriverCommandExecutor.invokeExecute(DriverCommandExecutor.java:167)
	at org.openqa.selenium.remote.service.DriverCommandExecutor.execute(DriverCommandExecutor.java:142)
	at org.openqa.selenium.remote.RemoteWebDriver.execute(RemoteWebDriver.java:558)
	at org.openqa.selenium.remote.RemoteWebElement.execute(RemoteWebElement.java:251)
	at org.openqa.selenium.remote.RemoteWebElement.click(RemoteWebElement.java:77)
	at org.openqa.selenium.support.pagefactory.internal.LocatingElementHandler.invoke(LocatingElementHandler.java:52)
	at com.sun.proxy.$Proxy29.click(Unknown Source)
	at pages.Testingbaba_radio_page.getradio(Testingbaba_radio_page.java:43)
	at testingbaba.Testingbaba_radio_test.RadioButtonTestingBaba_test01(Testingbaba_radio_test.java:31)
	at java.base/java.util.ArrayList.forEach(ArrayList.java:1541)
... Removed 37 stack frames</div></td></tr></table><p class="totop"><a href="#summary">back to summary</a></p>
<h2>autocomplete</h2><h3 id="m19">testingbaba.Testingbaba_autocomplete_test#AutocompleteTestingBaba_test01</h3><table class="result"><tr><th>Messages</th></tr><tr><td><div class="messages">Testcase AutocompleteTestingBaba_test01 started successfully<br/>Testcase AutocompleteTestingBaba_test01 passed successfully</div></td></tr></table><p class="totop"><a href="#summary">back to summary</a></p>
<h3 id="m20">testingbaba.Testingbaba_autocomplete_test#AutocompleteTestingBaba_test02</h3><table class="result"><tr><th>Messages</th></tr><tr><td><div class="messages">Testcase AutocompleteTestingBaba_test02 started successfully<br/>Testcase AutocompleteTestingBaba_test02 passed successfully</div></td></tr></table><p class="totop"><a href="#summary">back to summary</a></p>
<h3 id="m21">testingbaba.Testingbaba_autocomplete_test#AutocompleteTestingBaba_test03</h3><table class="result"><tr><th>Messages</th></tr><tr><td><div class="messages">Testcase AutocompleteTestingBaba_test03 started successfully<br/>Testcase AutocompleteTestingBaba_test03 passed successfully</div></td></tr></table><p class="totop"><a href="#summary">back to summary</a></p>
<h2>Webtable</h2><h3 id="m22">testingbaba.Testingbaba_webtables_test#launchtestingbaba</h3><table class="result"><tr><th>Exception</th></tr><tr><td><div class="stacktrace">org.openqa.selenium.ElementClickInterceptedException: element click intercepted: Element &lt;a class=&quot;nav-link&quot; href=&quot;newdemo.html&quot;&gt;...&lt;/a&gt; is not clickable at point (566, 34). Other element would receive the click: &lt;div class=&quot;modal-header&quot;&gt;...&lt;/div&gt;
  (Session info: chrome=99.0.4844.82)
Build info: version: &apos;4.1.2&apos;, revision: &apos;9a5a329c5a&apos;
System info: host: &apos;DESKTOP-493EAAE&apos;, ip: &apos;192.168.1.8&apos;, os.name: &apos;Windows 10&apos;, os.arch: &apos;amd64&apos;, os.version: &apos;10.0&apos;, java.version: &apos;11.0.12&apos;
Driver info: org.openqa.selenium.chrome.ChromeDriver
Command: [42398c49978ece8ae2c481c24fe81fed, clickElement {id=875e4431-79b5-4082-9989-aa2788b7326d}]
Capabilities {acceptInsecureCerts: false, browserName: chrome, browserVersion: 99.0.4844.82, chrome: {chromedriverVersion: 99.0.4844.51 (d537ec02474b5..., userDataDir: C:\WINDOWS\TEMP\scoped_dir1...}, goog:chromeOptions: {debuggerAddress: localhost:54429}, javascriptEnabled: true, networkConnectionEnabled: false, pageLoadStrategy: normal, platform: WINDOWS, platformName: WINDOWS, proxy: Proxy(), se:cdp: ws://localhost:54429/devtoo..., se:cdpVersion: 99.0.4844.82, setWindowRect: true, strictFileInteractability: false, timeouts: {implicit: 0, pageLoad: 300000, script: 30000}, unhandledPromptBehavior: dismiss and notify, webauthn:extension:credBlob: true, webauthn:extension:largeBlob: true, webauthn:virtualAuthenticators: true}
Element: [[ChromeDriver: chrome on WINDOWS (42398c49978ece8ae2c481c24fe81fed)] -&gt; xpath: //*[@id=&quot;navbarSupportedContent&quot;]/ul/li[5]/a]
Session ID: 42398c49978ece8ae2c481c24fe81fed
	at org.openqa.selenium.remote.codec.w3c.W3CHttpResponseCodec.createException(W3CHttpResponseCodec.java:200)
	at org.openqa.selenium.remote.codec.w3c.W3CHttpResponseCodec.decode(W3CHttpResponseCodec.java:133)
	at org.openqa.selenium.remote.codec.w3c.W3CHttpResponseCodec.decode(W3CHttpResponseCodec.java:53)
	at org.openqa.selenium.remote.HttpCommandExecutor.execute(HttpCommandExecutor.java:184)
	at org.openqa.selenium.remote.service.DriverCommandExecutor.invokeExecute(DriverCommandExecutor.java:167)
	at org.openqa.selenium.remote.service.DriverCommandExecutor.execute(DriverCommandExecutor.java:142)
	at org.openqa.selenium.remote.RemoteWebDriver.execute(RemoteWebDriver.java:558)
	at org.openqa.selenium.remote.RemoteWebElement.execute(RemoteWebElement.java:251)
	at org.openqa.selenium.remote.RemoteWebElement.click(RemoteWebElement.java:77)
	at org.openqa.selenium.support.pagefactory.internal.LocatingElementHandler.invoke(LocatingElementHandler.java:52)
	at com.sun.proxy.$Proxy29.click(Unknown Source)
	at pages.Testingbaba_webtables_page.closebtn(Testingbaba_webtables_page.java:64)
	at testingbaba.Testingbaba_webtables_test.launchtestingbaba(Testingbaba_webtables_test.java:23)
... Removed 34 stack frames</div></td></tr></table><p class="totop"><a href="#summary">back to summary</a></p>
<h3 id="m23">testingbaba.Testingbaba_webtables_test#Teardown</h3><table class="result"><tr><th class="invisible"/></tr></table><p class="totop"><a href="#summary">back to summary</a></p>
<h3 id="m24">testingbaba.Testingbaba_webtables_test#WebTablesTestingBaba_test01</h3><table class="result"><tr><th>Messages</th></tr><tr><td><div class="messages">Testcase WebTablesTestingBaba_test01 got skipped<br/>About to end executing Class Webtable<br/>About to begin executing Class Flipkart</div></td></tr><tr><th>Exception</th></tr><tr><td><div class="stacktrace">org.openqa.selenium.ElementClickInterceptedException: element click intercepted: Element &lt;a class=&quot;nav-link&quot; href=&quot;newdemo.html&quot;&gt;...&lt;/a&gt; is not clickable at point (566, 34). Other element would receive the click: &lt;div class=&quot;modal-header&quot;&gt;...&lt;/div&gt;
  (Session info: chrome=99.0.4844.82)
Build info: version: &apos;4.1.2&apos;, revision: &apos;9a5a329c5a&apos;
System info: host: &apos;DESKTOP-493EAAE&apos;, ip: &apos;192.168.1.8&apos;, os.name: &apos;Windows 10&apos;, os.arch: &apos;amd64&apos;, os.version: &apos;10.0&apos;, java.version: &apos;11.0.12&apos;
Driver info: org.openqa.selenium.chrome.ChromeDriver
Command: [42398c49978ece8ae2c481c24fe81fed, clickElement {id=875e4431-79b5-4082-9989-aa2788b7326d}]
Capabilities {acceptInsecureCerts: false, browserName: chrome, browserVersion: 99.0.4844.82, chrome: {chromedriverVersion: 99.0.4844.51 (d537ec02474b5..., userDataDir: C:\WINDOWS\TEMP\scoped_dir1...}, goog:chromeOptions: {debuggerAddress: localhost:54429}, javascriptEnabled: true, networkConnectionEnabled: false, pageLoadStrategy: normal, platform: WINDOWS, platformName: WINDOWS, proxy: Proxy(), se:cdp: ws://localhost:54429/devtoo..., se:cdpVersion: 99.0.4844.82, setWindowRect: true, strictFileInteractability: false, timeouts: {implicit: 0, pageLoad: 300000, script: 30000}, unhandledPromptBehavior: dismiss and notify, webauthn:extension:credBlob: true, webauthn:extension:largeBlob: true, webauthn:virtualAuthenticators: true}
Element: [[ChromeDriver: chrome on WINDOWS (42398c49978ece8ae2c481c24fe81fed)] -&gt; xpath: //*[@id=&quot;navbarSupportedContent&quot;]/ul/li[5]/a]
Session ID: 42398c49978ece8ae2c481c24fe81fed
	at org.openqa.selenium.remote.codec.w3c.W3CHttpResponseCodec.createException(W3CHttpResponseCodec.java:200)
	at org.openqa.selenium.remote.codec.w3c.W3CHttpResponseCodec.decode(W3CHttpResponseCodec.java:133)
	at org.openqa.selenium.remote.codec.w3c.W3CHttpResponseCodec.decode(W3CHttpResponseCodec.java:53)
	at org.openqa.selenium.remote.HttpCommandExecutor.execute(HttpCommandExecutor.java:184)
	at org.openqa.selenium.remote.service.DriverCommandExecutor.invokeExecute(DriverCommandExecutor.java:167)
	at org.openqa.selenium.remote.service.DriverCommandExecutor.execute(DriverCommandExecutor.java:142)
	at org.openqa.selenium.remote.RemoteWebDriver.execute(RemoteWebDriver.java:558)
	at org.openqa.selenium.remote.RemoteWebElement.execute(RemoteWebElement.java:251)
	at org.openqa.selenium.remote.RemoteWebElement.click(RemoteWebElement.java:77)
	at org.openqa.selenium.support.pagefactory.internal.LocatingElementHandler.invoke(LocatingElementHandler.java:52)
	at com.sun.proxy.$Proxy29.click(Unknown Source)
	at pages.Testingbaba_webtables_page.closebtn(Testingbaba_webtables_page.java:64)
	at testingbaba.Testingbaba_webtables_test.launchtestingbaba(Testingbaba_webtables_test.java:23)
... Removed 34 stack frames</div></td></tr></table><p class="totop"><a href="#summary">back to summary</a></p>
<h2>Flipkart</h2><h3 id="m25">flipkart.Flipkart_buy_test#FlipkartLogin_Test01</h3><table class="result"><tr><th>Messages</th></tr><tr><td><div class="messages">Testcase FlipkartLogin_Test01 started successfully<br/>Testcase FlipkartLogin_Test01 passed successfully</div></td></tr></table><p class="totop"><a href="#summary">back to summary</a></p>
<h3 id="m26">flipkart.Flipkart_buy_test#FlipkartProfileChange_Test02</h3><table class="result"><tr><th>Messages</th></tr><tr><td><div class="messages">Testcase FlipkartProfileChange_Test02 started successfully<br/>Testcase FlipkartProfileChange_Test02 passed successfully</div></td></tr></table><p class="totop"><a href="#summary">back to summary</a></p>
<h2>Flipkart_Buy_product</h2><h3 id="m27">flipkart.Flipkart_buyproduct_test#FlipkartLoginInvalidCred_Test01</h3><table class="result"><tr><th>Messages</th></tr><tr><td><div class="messages">Testcase FlipkartLoginInvalidCred_Test01 started successfully<br/>Testcase FlipkartLoginInvalidCred_Test01 passed successfully</div></td></tr></table><p class="totop"><a href="#summary">back to summary</a></p>
<h2>Makemytrip</h2><h3 id="m28">makemytrip.Makemytrip_launch_test#MakemyTripSendINValidNumber_Test02</h3><table class="result"><tr><th>Messages</th></tr><tr><td><div class="messages">Testcase MakemyTripSendINValidNumber_Test02 started successfully<br/>Testcase MakemyTripSendINValidNumber_Test02 passed successfully</div></td></tr></table><p class="totop"><a href="#summary">back to summary</a></p>
<h3 id="m29">makemytrip.Makemytrip_launch_test#MakemyTripSendValidNumber_Test01</h3><table class="result"><tr><th>Messages</th></tr><tr><td><div class="messages">Testcase MakemyTripSendValidNumber_Test01 started successfully<br/>Testcase MakemyTripSendValidNumber_Test01 passed successfully</div></td></tr></table><p class="totop"><a href="#summary">back to summary</a></p>
</body>
</html>
