<!DOCTYPE html>

<html>
  <head>
  <meta charset='utf-8'>
  <title>TestNG reports</title>

    <link type="text/css" href="testng-reports1.css" rel="stylesheet" id="ultra" />
    <link type="text/css" href="testng-reports.css" rel="stylesheet" id="retro" disabled="false"/>
    <script type="text/javascript" src="jquery.min.js"></script>
    <script type="text/javascript" src="testng-reports.js"></script>
    <script type="text/javascript" src="https://www.google.com/jsapi"></script>
    <script type='text/javascript'>
      google.load('visualization', '1', {packages:['table']});
      google.setOnLoadCallback(drawTable);
      var suiteTableInitFunctions = new Array();
      var suiteTableData = new Array();
    </script>
    <!--
      <script type="text/javascript" src="jquery-ui/js/jquery-ui-1.8.16.custom.min.js"></script>
     -->
  </head>

  <body>
    <div class="top-banner-root">
      <span class="top-banner-title-font">Test results</span>
      <button id="button" class="button">Switch Retro Theme</button> <!-- button -->
      <br/>
      <span class="top-banner-font-1">1 suite, 1 failed test</span>
    </div> <!-- top-banner-root -->
    <div class="navigator-root">
      <div class="navigator-suite-header">
        <span>All suites</span>
        <a href="#" title="Collapse/expand all the suites" class="collapse-all-link">
          <img src="collapseall.gif" class="collapse-all-icon">
          </img> <!-- collapse-all-icon -->
        </a> <!-- collapse-all-link -->
      </div> <!-- navigator-suite-header -->
      <div class="suite">
        <div class="rounded-window">
          <div class="suite-header light-rounded-window-top">
            <a href="#" panel-name="suite-Testingbaba" class="navigator-link">
              <span class="suite-name border-failed">Testingbaba</span>
            </a> <!-- navigator-link -->
          </div> <!-- suite-header light-rounded-window-top -->
          <div class="navigator-suite-content">
            <div class="suite-section-title">
              <span>Info</span>
            </div> <!-- suite-section-title -->
            <div class="suite-section-content">
              <ul>
                <li>
                  <a href="#" panel-name="test-xml-Testingbaba" class="navigator-link ">
                    <span>C:\Users\dubey\eclipse-workspace\Testingbaba_maven\testng.xml</span>
                  </a> <!-- navigator-link  -->
                </li>
                <li>
                  <a href="#" panel-name="testlist-Testingbaba" class="navigator-link ">
                    <span class="test-stats">12 tests</span>
                  </a> <!-- navigator-link  -->
                </li>
                <li>
                  <a href="#" panel-name="group-Testingbaba" class="navigator-link ">
                    <span>0 groups</span>
                  </a> <!-- navigator-link  -->
                </li>
                <li>
                  <a href="#" panel-name="times-Testingbaba" class="navigator-link ">
                    <span>Times</span>
                  </a> <!-- navigator-link  -->
                </li>
                <li>
                  <a href="#" panel-name="reporter-Testingbaba" class="navigator-link ">
                    <span>Reporter output</span>
                  </a> <!-- navigator-link  -->
                </li>
                <li>
                  <a href="#" panel-name="ignored-methods-Testingbaba" class="navigator-link ">
                    <span>Ignored methods</span>
                  </a> <!-- navigator-link  -->
                </li>
                <li>
                  <a href="#" panel-name="chronological-Testingbaba" class="navigator-link ">
                    <span>Chronological view</span>
                  </a> <!-- navigator-link  -->
                </li>
              </ul>
            </div> <!-- suite-section-content -->
            <div class="result-section">
              <div class="suite-section-title">
                <span>Results</span>
              </div> <!-- suite-section-title -->
              <div class="suite-section-content">
                <ul>
                  <li>
                    <span class="method-stats">24 methods, 1 failed,  8 skipped,  15 passed</span>
                  </li>
                  <li>
                    <span class="method-list-title failed">Failed methods</span>
                    <span class="show-or-hide-methods failed">
                      <a href="#" panel-name="suite-Testingbaba" class="hide-methods failed suite-Testingbaba"> (hide)</a> <!-- hide-methods failed suite-Testingbaba -->
                      <a href="#" panel-name="suite-Testingbaba" class="show-methods failed suite-Testingbaba"> (show)</a> <!-- show-methods failed suite-Testingbaba -->
                    </span>
                    <div class="method-list-content failed suite-Testingbaba">
                      <span>
                        <img src="failed.png" width="3%"/>
                        <a href="#" panel-name="suite-Testingbaba" title="testingbaba.Testingbaba_radio_test" class="method navigator-link" hash-for-method="RadioButtonTestingBaba_test01">RadioButtonTestingBaba_test01</a> <!-- method navigator-link -->
                      </span>
                      <br/>
                    </div> <!-- method-list-content failed suite-Testingbaba -->
                  </li>
                  <li>
                    <span class="method-list-title skipped">Skipped methods</span>
                    <span class="show-or-hide-methods skipped">
                      <a href="#" panel-name="suite-Testingbaba" class="hide-methods skipped suite-Testingbaba"> (hide)</a> <!-- hide-methods skipped suite-Testingbaba -->
                      <a href="#" panel-name="suite-Testingbaba" class="show-methods skipped suite-Testingbaba"> (show)</a> <!-- show-methods skipped suite-Testingbaba -->
                    </span>
                    <div class="method-list-content skipped suite-Testingbaba">
                      <span>
                        <img src="skipped.png" width="3%"/>
                        <a href="#" panel-name="suite-Testingbaba" title="testingbaba.Testingbaba_checkbox_test" class="method navigator-link" hash-for-method="CheckboxTestingBaba_test01">CheckboxTestingBaba_test01</a> <!-- method navigator-link -->
                      </span>
                      <br/>
                      <span>
                        <img src="skipped.png" width="3%"/>
                        <a href="#" panel-name="suite-Testingbaba" title="testingbaba.Testingbaba_checkbox_test" class="method navigator-link" hash-for-method="CheckboxTestingBaba_test02">CheckboxTestingBaba_test02</a> <!-- method navigator-link -->
                      </span>
                      <br/>
                      <span>
                        <img src="skipped.png" width="3%"/>
                        <a href="#" panel-name="suite-Testingbaba" title="testingbaba.Testingbaba_checkbox_test" class="method navigator-link" hash-for-method="CheckboxTestingBaba_test03">CheckboxTestingBaba_test03</a> <!-- method navigator-link -->
                      </span>
                      <br/>
                      <span>
                        <img src="skipped.png" width="3%"/>
                        <a href="#" panel-name="suite-Testingbaba" title="testingbaba.Testingbaba_textbox_test" class="method navigator-link" hash-for-method="TextboxTestingBaba_test01">TextboxTestingBaba_test01</a> <!-- method navigator-link -->
                      </span>
                      <br/>
                      <span>
                        <img src="skipped.png" width="3%"/>
                        <a href="#" panel-name="suite-Testingbaba" title="testingbaba.Testingbaba_textbox_test" class="method navigator-link" hash-for-method="TextboxTestingBaba_test02">TextboxTestingBaba_test02</a> <!-- method navigator-link -->
                      </span>
                      <br/>
                      <span>
                        <img src="skipped.png" width="3%"/>
                        <a href="#" panel-name="suite-Testingbaba" title="testingbaba.Testingbaba_textbox_test" class="method navigator-link" hash-for-method="TextboxTestingBaba_test03">TextboxTestingBaba_test03</a> <!-- method navigator-link -->
                      </span>
                      <br/>
                      <span>
                        <img src="skipped.png" width="3%"/>
                        <a href="#" panel-name="suite-Testingbaba" title="testingbaba.Testingbaba_textbox_test" class="method navigator-link" hash-for-method="TextboxTestingBaba_test04">TextboxTestingBaba_test04</a> <!-- method navigator-link -->
                      </span>
                      <br/>
                      <span>
                        <img src="skipped.png" width="3%"/>
                        <a href="#" panel-name="suite-Testingbaba" title="testingbaba.Testingbaba_webtables_test" class="method navigator-link" hash-for-method="WebTablesTestingBaba_test01">WebTablesTestingBaba_test01</a> <!-- method navigator-link -->
                      </span>
                      <br/>
                    </div> <!-- method-list-content skipped suite-Testingbaba -->
                  </li>
                  <li>
                    <span class="method-list-title passed">Passed methods</span>
                    <span class="show-or-hide-methods passed">
                      <a href="#" panel-name="suite-Testingbaba" class="hide-methods passed suite-Testingbaba"> (hide)</a> <!-- hide-methods passed suite-Testingbaba -->
                      <a href="#" panel-name="suite-Testingbaba" class="show-methods passed suite-Testingbaba"> (show)</a> <!-- show-methods passed suite-Testingbaba -->
                    </span>
                    <div class="method-list-content passed suite-Testingbaba">
                      <span>
                        <img src="passed.png" width="3%"/>
                        <a href="#" panel-name="suite-Testingbaba" title="testingbaba.Testingbaba_autocomplete_test" class="method navigator-link" hash-for-method="AutocompleteTestingBaba_test01">AutocompleteTestingBaba_test01</a> <!-- method navigator-link -->
                      </span>
                      <br/>
                      <span>
                        <img src="passed.png" width="3%"/>
                        <a href="#" panel-name="suite-Testingbaba" title="testingbaba.Testingbaba_autocomplete_test" class="method navigator-link" hash-for-method="AutocompleteTestingBaba_test02">AutocompleteTestingBaba_test02</a> <!-- method navigator-link -->
                      </span>
                      <br/>
                      <span>
                        <img src="passed.png" width="3%"/>
                        <a href="#" panel-name="suite-Testingbaba" title="testingbaba.Testingbaba_autocomplete_test" class="method navigator-link" hash-for-method="AutocompleteTestingBaba_test03">AutocompleteTestingBaba_test03</a> <!-- method navigator-link -->
                      </span>
                      <br/>
                      <span>
                        <img src="passed.png" width="3%"/>
                        <a href="#" panel-name="suite-Testingbaba" title="testingbaba.Testingbaba_buttons_test" class="method navigator-link" hash-for-method="ButtonsTestingBaba_test01">ButtonsTestingBaba_test01</a> <!-- method navigator-link -->
                      </span>
                      <br/>
                      <span>
                        <img src="passed.png" width="3%"/>
                        <a href="#" panel-name="suite-Testingbaba" title="testingbaba.Testingbaba_buttons_test" class="method navigator-link" hash-for-method="ButtonsTestingBaba_test02">ButtonsTestingBaba_test02</a> <!-- method navigator-link -->
                      </span>
                      <br/>
                      <span>
                        <img src="passed.png" width="3%"/>
                        <a href="#" panel-name="suite-Testingbaba" title="testingbaba.Testingbaba_buttons_test" class="method navigator-link" hash-for-method="ButtonsTestingBaba_test03">ButtonsTestingBaba_test03</a> <!-- method navigator-link -->
                      </span>
                      <br/>
                      <span>
                        <img src="passed.png" width="3%"/>
                        <a href="#" panel-name="suite-Testingbaba" title="testingbaba.Testingbaba_dropdown_test" class="method navigator-link" hash-for-method="DropdownTestingBaba_test01">DropdownTestingBaba_test01</a> <!-- method navigator-link -->
                      </span>
                      <br/>
                      <span>
                        <img src="passed.png" width="3%"/>
                        <a href="#" panel-name="suite-Testingbaba" title="flipkart.Flipkart_buyproduct_test" class="method navigator-link" hash-for-method="FlipkartLoginInvalidCred_Test01">FlipkartLoginInvalidCred_Test01</a> <!-- method navigator-link -->
                      </span>
                      <br/>
                      <span>
                        <img src="passed.png" width="3%"/>
                        <a href="#" panel-name="suite-Testingbaba" title="flipkart.Flipkart_buy_test" class="method navigator-link" hash-for-method="FlipkartLogin_Test01">FlipkartLogin_Test01</a> <!-- method navigator-link -->
                      </span>
                      <br/>
                      <span>
                        <img src="passed.png" width="3%"/>
                        <a href="#" panel-name="suite-Testingbaba" title="flipkart.Flipkart_buy_test" class="method navigator-link" hash-for-method="FlipkartProfileChange_Test02">FlipkartProfileChange_Test02</a> <!-- method navigator-link -->
                      </span>
                      <br/>
                      <span>
                        <img src="passed.png" width="3%"/>
                        <a href="#" panel-name="suite-Testingbaba" title="testingbaba.Testingbaba_launch_test" class="method navigator-link" hash-for-method="LaunchTestingBaba_test01">LaunchTestingBaba_test01</a> <!-- method navigator-link -->
                      </span>
                      <br/>
                      <span>
                        <img src="passed.png" width="3%"/>
                        <a href="#" panel-name="suite-Testingbaba" title="testingbaba.Testingbaba_links_test" class="method navigator-link" hash-for-method="LinksTestingBaba_test01">LinksTestingBaba_test01</a> <!-- method navigator-link -->
                      </span>
                      <br/>
                      <span>
                        <img src="passed.png" width="3%"/>
                        <a href="#" panel-name="suite-Testingbaba" title="testingbaba.Testingbaba_links_test" class="method navigator-link" hash-for-method="LinksTestingBaba_test02">LinksTestingBaba_test02</a> <!-- method navigator-link -->
                      </span>
                      <br/>
                      <span>
                        <img src="passed.png" width="3%"/>
                        <a href="#" panel-name="suite-Testingbaba" title="makemytrip.Makemytrip_launch_test" class="method navigator-link" hash-for-method="MakemyTripSendINValidNumber_Test02">MakemyTripSendINValidNumber_Test02</a> <!-- method navigator-link -->
                      </span>
                      <br/>
                      <span>
                        <img src="passed.png" width="3%"/>
                        <a href="#" panel-name="suite-Testingbaba" title="makemytrip.Makemytrip_launch_test" class="method navigator-link" hash-for-method="MakemyTripSendValidNumber_Test01">MakemyTripSendValidNumber_Test01</a> <!-- method navigator-link -->
                      </span>
                      <br/>
                    </div> <!-- method-list-content passed suite-Testingbaba -->
                  </li>
                </ul>
              </div> <!-- suite-section-content -->
            </div> <!-- result-section -->
          </div> <!-- navigator-suite-content -->
        </div> <!-- rounded-window -->
      </div> <!-- suite -->
    </div> <!-- navigator-root -->
    <div class="wrapper">
      <div class="main-panel-root">
        <div panel-name="suite-Testingbaba" class="panel Testingbaba">
          <div class="suite-Testingbaba-class-failed">
            <div class="main-panel-header rounded-window-top">
              <img src="failed.png"/>
              <span class="class-name">testingbaba.Testingbaba_radio_test</span>
            </div> <!-- main-panel-header rounded-window-top -->
            <div class="main-panel-content rounded-window-bottom">
              <div class="method">
                <div class="method-content">
                  <a name="RadioButtonTestingBaba_test01">
                  </a> <!-- RadioButtonTestingBaba_test01 -->
                  <span class="method-name">RadioButtonTestingBaba_test01</span>
                  <div class="stack-trace">org.openqa.selenium.ElementClickInterceptedException: element click intercepted: Element &lt;a class=&quot;nav-link&quot; href=&quot;newdemo.html&quot;&gt;...&lt;/a&gt; is not clickable at point (566, 34). Other element would receive the click: &lt;div class=&quot;modal-header&quot;&gt;...&lt;/div&gt;
  (Session info: chrome=99.0.4844.82)
Build info: version: &apos;4.1.2&apos;, revision: &apos;9a5a329c5a&apos;
System info: host: &apos;DESKTOP-493EAAE&apos;, ip: &apos;192.168.1.8&apos;, os.name: &apos;Windows 10&apos;, os.arch: &apos;amd64&apos;, os.version: &apos;10.0&apos;, java.version: &apos;11.0.12&apos;
Driver info: org.openqa.selenium.chrome.ChromeDriver
Command: [11915e490606b6ffd6ee49250fdf6a87, clickElement {id=5fced28a-b0e6-4159-81f4-9dcd7a51a84b}]
Capabilities {acceptInsecureCerts: false, browserName: chrome, browserVersion: 99.0.4844.82, chrome: {chromedriverVersion: 99.0.4844.51 (d537ec02474b5..., userDataDir: C:\WINDOWS\TEMP\scoped_dir1...}, goog:chromeOptions: {debuggerAddress: localhost:54363}, javascriptEnabled: true, networkConnectionEnabled: false, pageLoadStrategy: normal, platform: WINDOWS, platformName: WINDOWS, proxy: Proxy(), se:cdp: ws://localhost:54363/devtoo..., se:cdpVersion: 99.0.4844.82, setWindowRect: true, strictFileInteractability: false, timeouts: {implicit: 0, pageLoad: 300000, script: 30000}, unhandledPromptBehavior: dismiss and notify, webauthn:extension:credBlob: true, webauthn:extension:largeBlob: true, webauthn:virtualAuthenticators: true}
Element: [[ChromeDriver: chrome on WINDOWS (11915e490606b6ffd6ee49250fdf6a87)] -&gt; xpath: //*[@id=&quot;navbarSupportedContent&quot;]/ul/li[5]/a]
Session ID: 11915e490606b6ffd6ee49250fdf6a87
	at org.openqa.selenium.remote.codec.w3c.W3CHttpResponseCodec.createException(W3CHttpResponseCodec.java:200)
	at org.openqa.selenium.remote.codec.w3c.W3CHttpResponseCodec.decode(W3CHttpResponseCodec.java:133)
	at org.openqa.selenium.remote.codec.w3c.W3CHttpResponseCodec.decode(W3CHttpResponseCodec.java:53)
	at org.openqa.selenium.remote.HttpCommandExecutor.execute(HttpCommandExecutor.java:184)
	at org.openqa.selenium.remote.service.DriverCommandExecutor.invokeExecute(DriverCommandExecutor.java:167)
	at org.openqa.selenium.remote.service.DriverCommandExecutor.execute(DriverCommandExecutor.java:142)
	at org.openqa.selenium.remote.RemoteWebDriver.execute(RemoteWebDriver.java:558)
	at org.openqa.selenium.remote.RemoteWebElement.execute(RemoteWebElement.java:251)
	at org.openqa.selenium.remote.RemoteWebElement.click(RemoteWebElement.java:77)
	at org.openqa.selenium.support.pagefactory.internal.LocatingElementHandler.invoke(LocatingElementHandler.java:52)
	at com.sun.proxy.$Proxy29.click(Unknown Source)
	at pages.Testingbaba_radio_page.getradio(Testingbaba_radio_page.java:43)
	at testingbaba.Testingbaba_radio_test.RadioButtonTestingBaba_test01(Testingbaba_radio_test.java:31)
	at java.base/java.util.ArrayList.forEach(ArrayList.java:1541)
... Removed 37 stack frames
</div> <!-- stack-trace -->
                </div> <!-- method-content -->
              </div> <!-- method -->
            </div> <!-- main-panel-content rounded-window-bottom -->
          </div> <!-- suite-Testingbaba-class-failed -->
          <div class="suite-Testingbaba-class-skipped">
            <div class="main-panel-header rounded-window-top">
              <img src="skipped.png"/>
              <span class="class-name">testingbaba.Testingbaba_textbox_test</span>
            </div> <!-- main-panel-header rounded-window-top -->
            <div class="main-panel-content rounded-window-bottom">
              <div class="method">
                <div class="method-content">
                  <a name="TextboxTestingBaba_test01">
                  </a> <!-- TextboxTestingBaba_test01 -->
                  <span class="method-name">TextboxTestingBaba_test01</span>
                  <div class="stack-trace">org.openqa.selenium.ElementClickInterceptedException: element click intercepted: Element &lt;a class=&quot;nav-link&quot; href=&quot;newdemo.html&quot;&gt;...&lt;/a&gt; is not clickable at point (566, 34). Other element would receive the click: &lt;div class=&quot;modal-header&quot;&gt;...&lt;/div&gt;
  (Session info: chrome=99.0.4844.82)
Build info: version: &apos;4.1.2&apos;, revision: &apos;9a5a329c5a&apos;
System info: host: &apos;DESKTOP-493EAAE&apos;, ip: &apos;192.168.1.8&apos;, os.name: &apos;Windows 10&apos;, os.arch: &apos;amd64&apos;, os.version: &apos;10.0&apos;, java.version: &apos;11.0.12&apos;
Driver info: org.openqa.selenium.chrome.ChromeDriver
Command: [6cae2bf796b4fc398bdda567d99539ac, clickElement {id=b12c99be-331a-4e8c-93f0-3b1e7169ad51}]
Capabilities {acceptInsecureCerts: false, browserName: chrome, browserVersion: 99.0.4844.82, chrome: {chromedriverVersion: 99.0.4844.51 (d537ec02474b5..., userDataDir: C:\WINDOWS\TEMP\scoped_dir2...}, goog:chromeOptions: {debuggerAddress: localhost:54214}, javascriptEnabled: true, networkConnectionEnabled: false, pageLoadStrategy: normal, platform: WINDOWS, platformName: WINDOWS, proxy: Proxy(), se:cdp: ws://localhost:54214/devtoo..., se:cdpVersion: 99.0.4844.82, setWindowRect: true, strictFileInteractability: false, timeouts: {implicit: 0, pageLoad: 300000, script: 30000}, unhandledPromptBehavior: dismiss and notify, webauthn:extension:credBlob: true, webauthn:extension:largeBlob: true, webauthn:virtualAuthenticators: true}
Element: [[ChromeDriver: chrome on WINDOWS (6cae2bf796b4fc398bdda567d99539ac)] -&gt; xpath: //*[@id=&quot;navbarSupportedContent&quot;]/ul/li[5]/a]
Session ID: 6cae2bf796b4fc398bdda567d99539ac
	at org.openqa.selenium.remote.codec.w3c.W3CHttpResponseCodec.createException(W3CHttpResponseCodec.java:200)
	at org.openqa.selenium.remote.codec.w3c.W3CHttpResponseCodec.decode(W3CHttpResponseCodec.java:133)
	at org.openqa.selenium.remote.codec.w3c.W3CHttpResponseCodec.decode(W3CHttpResponseCodec.java:53)
	at org.openqa.selenium.remote.HttpCommandExecutor.execute(HttpCommandExecutor.java:184)
	at org.openqa.selenium.remote.service.DriverCommandExecutor.invokeExecute(DriverCommandExecutor.java:167)
	at org.openqa.selenium.remote.service.DriverCommandExecutor.execute(DriverCommandExecutor.java:142)
	at org.openqa.selenium.remote.RemoteWebDriver.execute(RemoteWebDriver.java:558)
	at org.openqa.selenium.remote.RemoteWebElement.execute(RemoteWebElement.java:251)
	at org.openqa.selenium.remote.RemoteWebElement.click(RemoteWebElement.java:77)
	at org.openqa.selenium.support.pagefactory.internal.LocatingElementHandler.invoke(LocatingElementHandler.java:52)
	at com.sun.proxy.$Proxy29.click(Unknown Source)
	at pages.Testingbaba_textbox_page.closebtn(Testingbaba_textbox_page.java:68)
	at testingbaba.Testingbaba_textbox_test.launchtestingbaba(Testingbaba_textbox_test.java:30)
... Removed 35 stack frames
</div> <!-- stack-trace -->
                </div> <!-- method-content -->
              </div> <!-- method -->
              <div class="method">
                <div class="method-content">
                  <a name="TextboxTestingBaba_test02">
                  </a> <!-- TextboxTestingBaba_test02 -->
                  <span class="method-name">TextboxTestingBaba_test02</span>
                  <div class="stack-trace">org.openqa.selenium.ElementClickInterceptedException: element click intercepted: Element &lt;a class=&quot;nav-link&quot; href=&quot;newdemo.html&quot;&gt;...&lt;/a&gt; is not clickable at point (566, 34). Other element would receive the click: &lt;div class=&quot;modal-header&quot;&gt;...&lt;/div&gt;
  (Session info: chrome=99.0.4844.82)
Build info: version: &apos;4.1.2&apos;, revision: &apos;9a5a329c5a&apos;
System info: host: &apos;DESKTOP-493EAAE&apos;, ip: &apos;192.168.1.8&apos;, os.name: &apos;Windows 10&apos;, os.arch: &apos;amd64&apos;, os.version: &apos;10.0&apos;, java.version: &apos;11.0.12&apos;
Driver info: org.openqa.selenium.chrome.ChromeDriver
Command: [6cae2bf796b4fc398bdda567d99539ac, clickElement {id=b12c99be-331a-4e8c-93f0-3b1e7169ad51}]
Capabilities {acceptInsecureCerts: false, browserName: chrome, browserVersion: 99.0.4844.82, chrome: {chromedriverVersion: 99.0.4844.51 (d537ec02474b5..., userDataDir: C:\WINDOWS\TEMP\scoped_dir2...}, goog:chromeOptions: {debuggerAddress: localhost:54214}, javascriptEnabled: true, networkConnectionEnabled: false, pageLoadStrategy: normal, platform: WINDOWS, platformName: WINDOWS, proxy: Proxy(), se:cdp: ws://localhost:54214/devtoo..., se:cdpVersion: 99.0.4844.82, setWindowRect: true, strictFileInteractability: false, timeouts: {implicit: 0, pageLoad: 300000, script: 30000}, unhandledPromptBehavior: dismiss and notify, webauthn:extension:credBlob: true, webauthn:extension:largeBlob: true, webauthn:virtualAuthenticators: true}
Element: [[ChromeDriver: chrome on WINDOWS (6cae2bf796b4fc398bdda567d99539ac)] -&gt; xpath: //*[@id=&quot;navbarSupportedContent&quot;]/ul/li[5]/a]
Session ID: 6cae2bf796b4fc398bdda567d99539ac
	at org.openqa.selenium.remote.codec.w3c.W3CHttpResponseCodec.createException(W3CHttpResponseCodec.java:200)
	at org.openqa.selenium.remote.codec.w3c.W3CHttpResponseCodec.decode(W3CHttpResponseCodec.java:133)
	at org.openqa.selenium.remote.codec.w3c.W3CHttpResponseCodec.decode(W3CHttpResponseCodec.java:53)
	at org.openqa.selenium.remote.HttpCommandExecutor.execute(HttpCommandExecutor.java:184)
	at org.openqa.selenium.remote.service.DriverCommandExecutor.invokeExecute(DriverCommandExecutor.java:167)
	at org.openqa.selenium.remote.service.DriverCommandExecutor.execute(DriverCommandExecutor.java:142)
	at org.openqa.selenium.remote.RemoteWebDriver.execute(RemoteWebDriver.java:558)
	at org.openqa.selenium.remote.RemoteWebElement.execute(RemoteWebElement.java:251)
	at org.openqa.selenium.remote.RemoteWebElement.click(RemoteWebElement.java:77)
	at org.openqa.selenium.support.pagefactory.internal.LocatingElementHandler.invoke(LocatingElementHandler.java:52)
	at com.sun.proxy.$Proxy29.click(Unknown Source)
	at pages.Testingbaba_textbox_page.closebtn(Testingbaba_textbox_page.java:68)
	at testingbaba.Testingbaba_textbox_test.launchtestingbaba(Testingbaba_textbox_test.java:30)
... Removed 35 stack frames
</div> <!-- stack-trace -->
                </div> <!-- method-content -->
              </div> <!-- method -->
              <div class="method">
                <div class="method-content">
                  <a name="TextboxTestingBaba_test03">
                  </a> <!-- TextboxTestingBaba_test03 -->
                  <span class="method-name">TextboxTestingBaba_test03</span>
                  <div class="stack-trace">org.openqa.selenium.ElementClickInterceptedException: element click intercepted: Element &lt;a class=&quot;nav-link&quot; href=&quot;newdemo.html&quot;&gt;...&lt;/a&gt; is not clickable at point (566, 34). Other element would receive the click: &lt;div class=&quot;modal-header&quot;&gt;...&lt;/div&gt;
  (Session info: chrome=99.0.4844.82)
Build info: version: &apos;4.1.2&apos;, revision: &apos;9a5a329c5a&apos;
System info: host: &apos;DESKTOP-493EAAE&apos;, ip: &apos;192.168.1.8&apos;, os.name: &apos;Windows 10&apos;, os.arch: &apos;amd64&apos;, os.version: &apos;10.0&apos;, java.version: &apos;11.0.12&apos;
Driver info: org.openqa.selenium.chrome.ChromeDriver
Command: [6cae2bf796b4fc398bdda567d99539ac, clickElement {id=b12c99be-331a-4e8c-93f0-3b1e7169ad51}]
Capabilities {acceptInsecureCerts: false, browserName: chrome, browserVersion: 99.0.4844.82, chrome: {chromedriverVersion: 99.0.4844.51 (d537ec02474b5..., userDataDir: C:\WINDOWS\TEMP\scoped_dir2...}, goog:chromeOptions: {debuggerAddress: localhost:54214}, javascriptEnabled: true, networkConnectionEnabled: false, pageLoadStrategy: normal, platform: WINDOWS, platformName: WINDOWS, proxy: Proxy(), se:cdp: ws://localhost:54214/devtoo..., se:cdpVersion: 99.0.4844.82, setWindowRect: true, strictFileInteractability: false, timeouts: {implicit: 0, pageLoad: 300000, script: 30000}, unhandledPromptBehavior: dismiss and notify, webauthn:extension:credBlob: true, webauthn:extension:largeBlob: true, webauthn:virtualAuthenticators: true}
Element: [[ChromeDriver: chrome on WINDOWS (6cae2bf796b4fc398bdda567d99539ac)] -&gt; xpath: //*[@id=&quot;navbarSupportedContent&quot;]/ul/li[5]/a]
Session ID: 6cae2bf796b4fc398bdda567d99539ac
	at org.openqa.selenium.remote.codec.w3c.W3CHttpResponseCodec.createException(W3CHttpResponseCodec.java:200)
	at org.openqa.selenium.remote.codec.w3c.W3CHttpResponseCodec.decode(W3CHttpResponseCodec.java:133)
	at org.openqa.selenium.remote.codec.w3c.W3CHttpResponseCodec.decode(W3CHttpResponseCodec.java:53)
	at org.openqa.selenium.remote.HttpCommandExecutor.execute(HttpCommandExecutor.java:184)
	at org.openqa.selenium.remote.service.DriverCommandExecutor.invokeExecute(DriverCommandExecutor.java:167)
	at org.openqa.selenium.remote.service.DriverCommandExecutor.execute(DriverCommandExecutor.java:142)
	at org.openqa.selenium.remote.RemoteWebDriver.execute(RemoteWebDriver.java:558)
	at org.openqa.selenium.remote.RemoteWebElement.execute(RemoteWebElement.java:251)
	at org.openqa.selenium.remote.RemoteWebElement.click(RemoteWebElement.java:77)
	at org.openqa.selenium.support.pagefactory.internal.LocatingElementHandler.invoke(LocatingElementHandler.java:52)
	at com.sun.proxy.$Proxy29.click(Unknown Source)
	at pages.Testingbaba_textbox_page.closebtn(Testingbaba_textbox_page.java:68)
	at testingbaba.Testingbaba_textbox_test.launchtestingbaba(Testingbaba_textbox_test.java:30)
... Removed 35 stack frames
</div> <!-- stack-trace -->
                </div> <!-- method-content -->
              </div> <!-- method -->
              <div class="method">
                <div class="method-content">
                  <a name="TextboxTestingBaba_test04">
                  </a> <!-- TextboxTestingBaba_test04 -->
                  <span class="method-name">TextboxTestingBaba_test04</span>
                  <div class="stack-trace">org.openqa.selenium.ElementClickInterceptedException: element click intercepted: Element &lt;a class=&quot;nav-link&quot; href=&quot;newdemo.html&quot;&gt;...&lt;/a&gt; is not clickable at point (566, 34). Other element would receive the click: &lt;div class=&quot;modal-header&quot;&gt;...&lt;/div&gt;
  (Session info: chrome=99.0.4844.82)
Build info: version: &apos;4.1.2&apos;, revision: &apos;9a5a329c5a&apos;
System info: host: &apos;DESKTOP-493EAAE&apos;, ip: &apos;192.168.1.8&apos;, os.name: &apos;Windows 10&apos;, os.arch: &apos;amd64&apos;, os.version: &apos;10.0&apos;, java.version: &apos;11.0.12&apos;
Driver info: org.openqa.selenium.chrome.ChromeDriver
Command: [6cae2bf796b4fc398bdda567d99539ac, clickElement {id=b12c99be-331a-4e8c-93f0-3b1e7169ad51}]
Capabilities {acceptInsecureCerts: false, browserName: chrome, browserVersion: 99.0.4844.82, chrome: {chromedriverVersion: 99.0.4844.51 (d537ec02474b5..., userDataDir: C:\WINDOWS\TEMP\scoped_dir2...}, goog:chromeOptions: {debuggerAddress: localhost:54214}, javascriptEnabled: true, networkConnectionEnabled: false, pageLoadStrategy: normal, platform: WINDOWS, platformName: WINDOWS, proxy: Proxy(), se:cdp: ws://localhost:54214/devtoo..., se:cdpVersion: 99.0.4844.82, setWindowRect: true, strictFileInteractability: false, timeouts: {implicit: 0, pageLoad: 300000, script: 30000}, unhandledPromptBehavior: dismiss and notify, webauthn:extension:credBlob: true, webauthn:extension:largeBlob: true, webauthn:virtualAuthenticators: true}
Element: [[ChromeDriver: chrome on WINDOWS (6cae2bf796b4fc398bdda567d99539ac)] -&gt; xpath: //*[@id=&quot;navbarSupportedContent&quot;]/ul/li[5]/a]
Session ID: 6cae2bf796b4fc398bdda567d99539ac
	at org.openqa.selenium.remote.codec.w3c.W3CHttpResponseCodec.createException(W3CHttpResponseCodec.java:200)
	at org.openqa.selenium.remote.codec.w3c.W3CHttpResponseCodec.decode(W3CHttpResponseCodec.java:133)
	at org.openqa.selenium.remote.codec.w3c.W3CHttpResponseCodec.decode(W3CHttpResponseCodec.java:53)
	at org.openqa.selenium.remote.HttpCommandExecutor.execute(HttpCommandExecutor.java:184)
	at org.openqa.selenium.remote.service.DriverCommandExecutor.invokeExecute(DriverCommandExecutor.java:167)
	at org.openqa.selenium.remote.service.DriverCommandExecutor.execute(DriverCommandExecutor.java:142)
	at org.openqa.selenium.remote.RemoteWebDriver.execute(RemoteWebDriver.java:558)
	at org.openqa.selenium.remote.RemoteWebElement.execute(RemoteWebElement.java:251)
	at org.openqa.selenium.remote.RemoteWebElement.click(RemoteWebElement.java:77)
	at org.openqa.selenium.support.pagefactory.internal.LocatingElementHandler.invoke(LocatingElementHandler.java:52)
	at com.sun.proxy.$Proxy29.click(Unknown Source)
	at pages.Testingbaba_textbox_page.closebtn(Testingbaba_textbox_page.java:68)
	at testingbaba.Testingbaba_textbox_test.launchtestingbaba(Testingbaba_textbox_test.java:30)
... Removed 35 stack frames
</div> <!-- stack-trace -->
                </div> <!-- method-content -->
              </div> <!-- method -->
            </div> <!-- main-panel-content rounded-window-bottom -->
          </div> <!-- suite-Testingbaba-class-skipped -->
          <div class="suite-Testingbaba-class-skipped">
            <div class="main-panel-header rounded-window-top">
              <img src="skipped.png"/>
              <span class="class-name">testingbaba.Testingbaba_webtables_test</span>
            </div> <!-- main-panel-header rounded-window-top -->
            <div class="main-panel-content rounded-window-bottom">
              <div class="method">
                <div class="method-content">
                  <a name="WebTablesTestingBaba_test01">
                  </a> <!-- WebTablesTestingBaba_test01 -->
                  <span class="method-name">WebTablesTestingBaba_test01</span>
                  <div class="stack-trace">org.openqa.selenium.ElementClickInterceptedException: element click intercepted: Element &lt;a class=&quot;nav-link&quot; href=&quot;newdemo.html&quot;&gt;...&lt;/a&gt; is not clickable at point (566, 34). Other element would receive the click: &lt;div class=&quot;modal-header&quot;&gt;...&lt;/div&gt;
  (Session info: chrome=99.0.4844.82)
Build info: version: &apos;4.1.2&apos;, revision: &apos;9a5a329c5a&apos;
System info: host: &apos;DESKTOP-493EAAE&apos;, ip: &apos;192.168.1.8&apos;, os.name: &apos;Windows 10&apos;, os.arch: &apos;amd64&apos;, os.version: &apos;10.0&apos;, java.version: &apos;11.0.12&apos;
Driver info: org.openqa.selenium.chrome.ChromeDriver
Command: [42398c49978ece8ae2c481c24fe81fed, clickElement {id=875e4431-79b5-4082-9989-aa2788b7326d}]
Capabilities {acceptInsecureCerts: false, browserName: chrome, browserVersion: 99.0.4844.82, chrome: {chromedriverVersion: 99.0.4844.51 (d537ec02474b5..., userDataDir: C:\WINDOWS\TEMP\scoped_dir1...}, goog:chromeOptions: {debuggerAddress: localhost:54429}, javascriptEnabled: true, networkConnectionEnabled: false, pageLoadStrategy: normal, platform: WINDOWS, platformName: WINDOWS, proxy: Proxy(), se:cdp: ws://localhost:54429/devtoo..., se:cdpVersion: 99.0.4844.82, setWindowRect: true, strictFileInteractability: false, timeouts: {implicit: 0, pageLoad: 300000, script: 30000}, unhandledPromptBehavior: dismiss and notify, webauthn:extension:credBlob: true, webauthn:extension:largeBlob: true, webauthn:virtualAuthenticators: true}
Element: [[ChromeDriver: chrome on WINDOWS (42398c49978ece8ae2c481c24fe81fed)] -&gt; xpath: //*[@id=&quot;navbarSupportedContent&quot;]/ul/li[5]/a]
Session ID: 42398c49978ece8ae2c481c24fe81fed
	at org.openqa.selenium.remote.codec.w3c.W3CHttpResponseCodec.createException(W3CHttpResponseCodec.java:200)
	at org.openqa.selenium.remote.codec.w3c.W3CHttpResponseCodec.decode(W3CHttpResponseCodec.java:133)
	at org.openqa.selenium.remote.codec.w3c.W3CHttpResponseCodec.decode(W3CHttpResponseCodec.java:53)
	at org.openqa.selenium.remote.HttpCommandExecutor.execute(HttpCommandExecutor.java:184)
	at org.openqa.selenium.remote.service.DriverCommandExecutor.invokeExecute(DriverCommandExecutor.java:167)
	at org.openqa.selenium.remote.service.DriverCommandExecutor.execute(DriverCommandExecutor.java:142)
	at org.openqa.selenium.remote.RemoteWebDriver.execute(RemoteWebDriver.java:558)
	at org.openqa.selenium.remote.RemoteWebElement.execute(RemoteWebElement.java:251)
	at org.openqa.selenium.remote.RemoteWebElement.click(RemoteWebElement.java:77)
	at org.openqa.selenium.support.pagefactory.internal.LocatingElementHandler.invoke(LocatingElementHandler.java:52)
	at com.sun.proxy.$Proxy29.click(Unknown Source)
	at pages.Testingbaba_webtables_page.closebtn(Testingbaba_webtables_page.java:64)
	at testingbaba.Testingbaba_webtables_test.launchtestingbaba(Testingbaba_webtables_test.java:23)
... Removed 34 stack frames
</div> <!-- stack-trace -->
                </div> <!-- method-content -->
              </div> <!-- method -->
            </div> <!-- main-panel-content rounded-window-bottom -->
          </div> <!-- suite-Testingbaba-class-skipped -->
          <div class="suite-Testingbaba-class-skipped">
            <div class="main-panel-header rounded-window-top">
              <img src="skipped.png"/>
              <span class="class-name">testingbaba.Testingbaba_checkbox_test</span>
            </div> <!-- main-panel-header rounded-window-top -->
            <div class="main-panel-content rounded-window-bottom">
              <div class="method">
                <div class="method-content">
                  <a name="CheckboxTestingBaba_test01">
                  </a> <!-- CheckboxTestingBaba_test01 -->
                  <span class="method-name">CheckboxTestingBaba_test01</span>
                  <div class="stack-trace">org.openqa.selenium.ElementClickInterceptedException: element click intercepted: Element &lt;a class=&quot;nav-link&quot; href=&quot;newdemo.html&quot;&gt;...&lt;/a&gt; is not clickable at point (566, 34). Other element would receive the click: &lt;div class=&quot;modal-header&quot;&gt;...&lt;/div&gt;
  (Session info: chrome=99.0.4844.82)
Build info: version: &apos;4.1.2&apos;, revision: &apos;9a5a329c5a&apos;
System info: host: &apos;DESKTOP-493EAAE&apos;, ip: &apos;192.168.1.8&apos;, os.name: &apos;Windows 10&apos;, os.arch: &apos;amd64&apos;, os.version: &apos;10.0&apos;, java.version: &apos;11.0.12&apos;
Driver info: org.openqa.selenium.chrome.ChromeDriver
Command: [055b45b487ebf9bc3ab184350526f341, clickElement {id=903e35b7-528a-40d6-a275-5c0e98e93e77}]
Capabilities {acceptInsecureCerts: false, browserName: chrome, browserVersion: 99.0.4844.82, chrome: {chromedriverVersion: 99.0.4844.51 (d537ec02474b5..., userDataDir: C:\WINDOWS\TEMP\scoped_dir1...}, goog:chromeOptions: {debuggerAddress: localhost:54267}, javascriptEnabled: true, networkConnectionEnabled: false, pageLoadStrategy: normal, platform: WINDOWS, platformName: WINDOWS, proxy: Proxy(), se:cdp: ws://localhost:54267/devtoo..., se:cdpVersion: 99.0.4844.82, setWindowRect: true, strictFileInteractability: false, timeouts: {implicit: 0, pageLoad: 300000, script: 30000}, unhandledPromptBehavior: dismiss and notify, webauthn:extension:credBlob: true, webauthn:extension:largeBlob: true, webauthn:virtualAuthenticators: true}
Element: [[ChromeDriver: chrome on WINDOWS (055b45b487ebf9bc3ab184350526f341)] -&gt; xpath: //*[@id=&quot;navbarSupportedContent&quot;]/ul/li[5]/a]
Session ID: 055b45b487ebf9bc3ab184350526f341
	at org.openqa.selenium.remote.codec.w3c.W3CHttpResponseCodec.createException(W3CHttpResponseCodec.java:200)
	at org.openqa.selenium.remote.codec.w3c.W3CHttpResponseCodec.decode(W3CHttpResponseCodec.java:133)
	at org.openqa.selenium.remote.codec.w3c.W3CHttpResponseCodec.decode(W3CHttpResponseCodec.java:53)
	at org.openqa.selenium.remote.HttpCommandExecutor.execute(HttpCommandExecutor.java:184)
	at org.openqa.selenium.remote.service.DriverCommandExecutor.invokeExecute(DriverCommandExecutor.java:167)
	at org.openqa.selenium.remote.service.DriverCommandExecutor.execute(DriverCommandExecutor.java:142)
	at org.openqa.selenium.remote.RemoteWebDriver.execute(RemoteWebDriver.java:558)
	at org.openqa.selenium.remote.RemoteWebElement.execute(RemoteWebElement.java:251)
	at org.openqa.selenium.remote.RemoteWebElement.click(RemoteWebElement.java:77)
	at org.openqa.selenium.support.pagefactory.internal.LocatingElementHandler.invoke(LocatingElementHandler.java:52)
	at com.sun.proxy.$Proxy29.click(Unknown Source)
	at pages.Testingbaba_checkbox_page.closebtn(Testingbaba_checkbox_page.java:51)
	at testingbaba.Testingbaba_checkbox_test.launchtestingbaba(Testingbaba_checkbox_test.java:25)
... Removed 35 stack frames
</div> <!-- stack-trace -->
                </div> <!-- method-content -->
              </div> <!-- method -->
              <div class="method">
                <div class="method-content">
                  <a name="CheckboxTestingBaba_test02">
                  </a> <!-- CheckboxTestingBaba_test02 -->
                  <span class="method-name">CheckboxTestingBaba_test02</span>
                  <div class="stack-trace">org.openqa.selenium.ElementClickInterceptedException: element click intercepted: Element &lt;a class=&quot;nav-link&quot; href=&quot;newdemo.html&quot;&gt;...&lt;/a&gt; is not clickable at point (566, 34). Other element would receive the click: &lt;div class=&quot;modal-header&quot;&gt;...&lt;/div&gt;
  (Session info: chrome=99.0.4844.82)
Build info: version: &apos;4.1.2&apos;, revision: &apos;9a5a329c5a&apos;
System info: host: &apos;DESKTOP-493EAAE&apos;, ip: &apos;192.168.1.8&apos;, os.name: &apos;Windows 10&apos;, os.arch: &apos;amd64&apos;, os.version: &apos;10.0&apos;, java.version: &apos;11.0.12&apos;
Driver info: org.openqa.selenium.chrome.ChromeDriver
Command: [055b45b487ebf9bc3ab184350526f341, clickElement {id=903e35b7-528a-40d6-a275-5c0e98e93e77}]
Capabilities {acceptInsecureCerts: false, browserName: chrome, browserVersion: 99.0.4844.82, chrome: {chromedriverVersion: 99.0.4844.51 (d537ec02474b5..., userDataDir: C:\WINDOWS\TEMP\scoped_dir1...}, goog:chromeOptions: {debuggerAddress: localhost:54267}, javascriptEnabled: true, networkConnectionEnabled: false, pageLoadStrategy: normal, platform: WINDOWS, platformName: WINDOWS, proxy: Proxy(), se:cdp: ws://localhost:54267/devtoo..., se:cdpVersion: 99.0.4844.82, setWindowRect: true, strictFileInteractability: false, timeouts: {implicit: 0, pageLoad: 300000, script: 30000}, unhandledPromptBehavior: dismiss and notify, webauthn:extension:credBlob: true, webauthn:extension:largeBlob: true, webauthn:virtualAuthenticators: true}
Element: [[ChromeDriver: chrome on WINDOWS (055b45b487ebf9bc3ab184350526f341)] -&gt; xpath: //*[@id=&quot;navbarSupportedContent&quot;]/ul/li[5]/a]
Session ID: 055b45b487ebf9bc3ab184350526f341
	at org.openqa.selenium.remote.codec.w3c.W3CHttpResponseCodec.createException(W3CHttpResponseCodec.java:200)
	at org.openqa.selenium.remote.codec.w3c.W3CHttpResponseCodec.decode(W3CHttpResponseCodec.java:133)
	at org.openqa.selenium.remote.codec.w3c.W3CHttpResponseCodec.decode(W3CHttpResponseCodec.java:53)
	at org.openqa.selenium.remote.HttpCommandExecutor.execute(HttpCommandExecutor.java:184)
	at org.openqa.selenium.remote.service.DriverCommandExecutor.invokeExecute(DriverCommandExecutor.java:167)
	at org.openqa.selenium.remote.service.DriverCommandExecutor.execute(DriverCommandExecutor.java:142)
	at org.openqa.selenium.remote.RemoteWebDriver.execute(RemoteWebDriver.java:558)
	at org.openqa.selenium.remote.RemoteWebElement.execute(RemoteWebElement.java:251)
	at org.openqa.selenium.remote.RemoteWebElement.click(RemoteWebElement.java:77)
	at org.openqa.selenium.support.pagefactory.internal.LocatingElementHandler.invoke(LocatingElementHandler.java:52)
	at com.sun.proxy.$Proxy29.click(Unknown Source)
	at pages.Testingbaba_checkbox_page.closebtn(Testingbaba_checkbox_page.java:51)
	at testingbaba.Testingbaba_checkbox_test.launchtestingbaba(Testingbaba_checkbox_test.java:25)
... Removed 35 stack frames
</div> <!-- stack-trace -->
                </div> <!-- method-content -->
              </div> <!-- method -->
              <div class="method">
                <div class="method-content">
                  <a name="CheckboxTestingBaba_test03">
                  </a> <!-- CheckboxTestingBaba_test03 -->
                  <span class="method-name">CheckboxTestingBaba_test03</span>
                  <div class="stack-trace">org.openqa.selenium.ElementClickInterceptedException: element click intercepted: Element &lt;a class=&quot;nav-link&quot; href=&quot;newdemo.html&quot;&gt;...&lt;/a&gt; is not clickable at point (566, 34). Other element would receive the click: &lt;div class=&quot;modal-header&quot;&gt;...&lt;/div&gt;
  (Session info: chrome=99.0.4844.82)
Build info: version: &apos;4.1.2&apos;, revision: &apos;9a5a329c5a&apos;
System info: host: &apos;DESKTOP-493EAAE&apos;, ip: &apos;192.168.1.8&apos;, os.name: &apos;Windows 10&apos;, os.arch: &apos;amd64&apos;, os.version: &apos;10.0&apos;, java.version: &apos;11.0.12&apos;
Driver info: org.openqa.selenium.chrome.ChromeDriver
Command: [055b45b487ebf9bc3ab184350526f341, clickElement {id=903e35b7-528a-40d6-a275-5c0e98e93e77}]
Capabilities {acceptInsecureCerts: false, browserName: chrome, browserVersion: 99.0.4844.82, chrome: {chromedriverVersion: 99.0.4844.51 (d537ec02474b5..., userDataDir: C:\WINDOWS\TEMP\scoped_dir1...}, goog:chromeOptions: {debuggerAddress: localhost:54267}, javascriptEnabled: true, networkConnectionEnabled: false, pageLoadStrategy: normal, platform: WINDOWS, platformName: WINDOWS, proxy: Proxy(), se:cdp: ws://localhost:54267/devtoo..., se:cdpVersion: 99.0.4844.82, setWindowRect: true, strictFileInteractability: false, timeouts: {implicit: 0, pageLoad: 300000, script: 30000}, unhandledPromptBehavior: dismiss and notify, webauthn:extension:credBlob: true, webauthn:extension:largeBlob: true, webauthn:virtualAuthenticators: true}
Element: [[ChromeDriver: chrome on WINDOWS (055b45b487ebf9bc3ab184350526f341)] -&gt; xpath: //*[@id=&quot;navbarSupportedContent&quot;]/ul/li[5]/a]
Session ID: 055b45b487ebf9bc3ab184350526f341
	at org.openqa.selenium.remote.codec.w3c.W3CHttpResponseCodec.createException(W3CHttpResponseCodec.java:200)
	at org.openqa.selenium.remote.codec.w3c.W3CHttpResponseCodec.decode(W3CHttpResponseCodec.java:133)
	at org.openqa.selenium.remote.codec.w3c.W3CHttpResponseCodec.decode(W3CHttpResponseCodec.java:53)
	at org.openqa.selenium.remote.HttpCommandExecutor.execute(HttpCommandExecutor.java:184)
	at org.openqa.selenium.remote.service.DriverCommandExecutor.invokeExecute(DriverCommandExecutor.java:167)
	at org.openqa.selenium.remote.service.DriverCommandExecutor.execute(DriverCommandExecutor.java:142)
	at org.openqa.selenium.remote.RemoteWebDriver.execute(RemoteWebDriver.java:558)
	at org.openqa.selenium.remote.RemoteWebElement.execute(RemoteWebElement.java:251)
	at org.openqa.selenium.remote.RemoteWebElement.click(RemoteWebElement.java:77)
	at org.openqa.selenium.support.pagefactory.internal.LocatingElementHandler.invoke(LocatingElementHandler.java:52)
	at com.sun.proxy.$Proxy29.click(Unknown Source)
	at pages.Testingbaba_checkbox_page.closebtn(Testingbaba_checkbox_page.java:51)
	at testingbaba.Testingbaba_checkbox_test.launchtestingbaba(Testingbaba_checkbox_test.java:25)
... Removed 35 stack frames
</div> <!-- stack-trace -->
                </div> <!-- method-content -->
              </div> <!-- method -->
            </div> <!-- main-panel-content rounded-window-bottom -->
          </div> <!-- suite-Testingbaba-class-skipped -->
          <div class="suite-Testingbaba-class-passed">
            <div class="main-panel-header rounded-window-top">
              <img src="passed.png"/>
              <span class="class-name">flipkart.Flipkart_buyproduct_test</span>
            </div> <!-- main-panel-header rounded-window-top -->
            <div class="main-panel-content rounded-window-bottom">
              <div class="method">
                <div class="method-content">
                  <a name="FlipkartLoginInvalidCred_Test01">
                  </a> <!-- FlipkartLoginInvalidCred_Test01 -->
                  <span class="method-name">FlipkartLoginInvalidCred_Test01</span>
                </div> <!-- method-content -->
              </div> <!-- method -->
            </div> <!-- main-panel-content rounded-window-bottom -->
          </div> <!-- suite-Testingbaba-class-passed -->
          <div class="suite-Testingbaba-class-passed">
            <div class="main-panel-header rounded-window-top">
              <img src="passed.png"/>
              <span class="class-name">testingbaba.Testingbaba_links_test</span>
            </div> <!-- main-panel-header rounded-window-top -->
            <div class="main-panel-content rounded-window-bottom">
              <div class="method">
                <div class="method-content">
                  <a name="LinksTestingBaba_test01">
                  </a> <!-- LinksTestingBaba_test01 -->
                  <span class="method-name">LinksTestingBaba_test01</span>
                </div> <!-- method-content -->
              </div> <!-- method -->
              <div class="method">
                <div class="method-content">
                  <a name="LinksTestingBaba_test02">
                  </a> <!-- LinksTestingBaba_test02 -->
                  <span class="method-name">LinksTestingBaba_test02</span>
                </div> <!-- method-content -->
              </div> <!-- method -->
            </div> <!-- main-panel-content rounded-window-bottom -->
          </div> <!-- suite-Testingbaba-class-passed -->
          <div class="suite-Testingbaba-class-passed">
            <div class="main-panel-header rounded-window-top">
              <img src="passed.png"/>
              <span class="class-name">testingbaba.Testingbaba_dropdown_test</span>
            </div> <!-- main-panel-header rounded-window-top -->
            <div class="main-panel-content rounded-window-bottom">
              <div class="method">
                <div class="method-content">
                  <a name="DropdownTestingBaba_test01">
                  </a> <!-- DropdownTestingBaba_test01 -->
                  <span class="method-name">DropdownTestingBaba_test01</span>
                </div> <!-- method-content -->
              </div> <!-- method -->
            </div> <!-- main-panel-content rounded-window-bottom -->
          </div> <!-- suite-Testingbaba-class-passed -->
          <div class="suite-Testingbaba-class-passed">
            <div class="main-panel-header rounded-window-top">
              <img src="passed.png"/>
              <span class="class-name">testingbaba.Testingbaba_launch_test</span>
            </div> <!-- main-panel-header rounded-window-top -->
            <div class="main-panel-content rounded-window-bottom">
              <div class="method">
                <div class="method-content">
                  <a name="LaunchTestingBaba_test01">
                  </a> <!-- LaunchTestingBaba_test01 -->
                  <span class="method-name">LaunchTestingBaba_test01</span>
                </div> <!-- method-content -->
              </div> <!-- method -->
            </div> <!-- main-panel-content rounded-window-bottom -->
          </div> <!-- suite-Testingbaba-class-passed -->
          <div class="suite-Testingbaba-class-passed">
            <div class="main-panel-header rounded-window-top">
              <img src="passed.png"/>
              <span class="class-name">testingbaba.Testingbaba_buttons_test</span>
            </div> <!-- main-panel-header rounded-window-top -->
            <div class="main-panel-content rounded-window-bottom">
              <div class="method">
                <div class="method-content">
                  <a name="ButtonsTestingBaba_test01">
                  </a> <!-- ButtonsTestingBaba_test01 -->
                  <span class="method-name">ButtonsTestingBaba_test01</span>
                </div> <!-- method-content -->
              </div> <!-- method -->
              <div class="method">
                <div class="method-content">
                  <a name="ButtonsTestingBaba_test02">
                  </a> <!-- ButtonsTestingBaba_test02 -->
                  <span class="method-name">ButtonsTestingBaba_test02</span>
                </div> <!-- method-content -->
              </div> <!-- method -->
              <div class="method">
                <div class="method-content">
                  <a name="ButtonsTestingBaba_test03">
                  </a> <!-- ButtonsTestingBaba_test03 -->
                  <span class="method-name">ButtonsTestingBaba_test03</span>
                </div> <!-- method-content -->
              </div> <!-- method -->
            </div> <!-- main-panel-content rounded-window-bottom -->
          </div> <!-- suite-Testingbaba-class-passed -->
          <div class="suite-Testingbaba-class-passed">
            <div class="main-panel-header rounded-window-top">
              <img src="passed.png"/>
              <span class="class-name">makemytrip.Makemytrip_launch_test</span>
            </div> <!-- main-panel-header rounded-window-top -->
            <div class="main-panel-content rounded-window-bottom">
              <div class="method">
                <div class="method-content">
                  <a name="MakemyTripSendINValidNumber_Test02">
                  </a> <!-- MakemyTripSendINValidNumber_Test02 -->
                  <span class="method-name">MakemyTripSendINValidNumber_Test02</span>
                </div> <!-- method-content -->
              </div> <!-- method -->
              <div class="method">
                <div class="method-content">
                  <a name="MakemyTripSendValidNumber_Test01">
                  </a> <!-- MakemyTripSendValidNumber_Test01 -->
                  <span class="method-name">MakemyTripSendValidNumber_Test01</span>
                </div> <!-- method-content -->
              </div> <!-- method -->
            </div> <!-- main-panel-content rounded-window-bottom -->
          </div> <!-- suite-Testingbaba-class-passed -->
          <div class="suite-Testingbaba-class-passed">
            <div class="main-panel-header rounded-window-top">
              <img src="passed.png"/>
              <span class="class-name">flipkart.Flipkart_buy_test</span>
            </div> <!-- main-panel-header rounded-window-top -->
            <div class="main-panel-content rounded-window-bottom">
              <div class="method">
                <div class="method-content">
                  <a name="FlipkartLogin_Test01">
                  </a> <!-- FlipkartLogin_Test01 -->
                  <span class="method-name">FlipkartLogin_Test01</span>
                </div> <!-- method-content -->
              </div> <!-- method -->
              <div class="method">
                <div class="method-content">
                  <a name="FlipkartProfileChange_Test02">
                  </a> <!-- FlipkartProfileChange_Test02 -->
                  <span class="method-name">FlipkartProfileChange_Test02</span>
                </div> <!-- method-content -->
              </div> <!-- method -->
            </div> <!-- main-panel-content rounded-window-bottom -->
          </div> <!-- suite-Testingbaba-class-passed -->
          <div class="suite-Testingbaba-class-passed">
            <div class="main-panel-header rounded-window-top">
              <img src="passed.png"/>
              <span class="class-name">testingbaba.Testingbaba_autocomplete_test</span>
            </div> <!-- main-panel-header rounded-window-top -->
            <div class="main-panel-content rounded-window-bottom">
              <div class="method">
                <div class="method-content">
                  <a name="AutocompleteTestingBaba_test01">
                  </a> <!-- AutocompleteTestingBaba_test01 -->
                  <span class="method-name">AutocompleteTestingBaba_test01</span>
                </div> <!-- method-content -->
              </div> <!-- method -->
              <div class="method">
                <div class="method-content">
                  <a name="AutocompleteTestingBaba_test02">
                  </a> <!-- AutocompleteTestingBaba_test02 -->
                  <span class="method-name">AutocompleteTestingBaba_test02</span>
                </div> <!-- method-content -->
              </div> <!-- method -->
              <div class="method">
                <div class="method-content">
                  <a name="AutocompleteTestingBaba_test03">
                  </a> <!-- AutocompleteTestingBaba_test03 -->
                  <span class="method-name">AutocompleteTestingBaba_test03</span>
                </div> <!-- method-content -->
              </div> <!-- method -->
            </div> <!-- main-panel-content rounded-window-bottom -->
          </div> <!-- suite-Testingbaba-class-passed -->
        </div> <!-- panel Testingbaba -->
        <div panel-name="test-xml-Testingbaba" class="panel">
          <div class="main-panel-header rounded-window-top">
            <span class="header-content">C:\Users\dubey\eclipse-workspace\Testingbaba_maven\testng.xml</span>
          </div> <!-- main-panel-header rounded-window-top -->
          <div class="main-panel-content rounded-window-bottom">
            <pre>
&lt;?xml version=&quot;1.0&quot; encoding=&quot;UTF-8&quot;?&gt;
&lt;!DOCTYPE suite SYSTEM &quot;https://testng.org/testng-1.0.dtd&quot;&gt;
&lt;suite name=&quot;Testingbaba&quot; guice-stage=&quot;DEVELOPMENT&quot; verbose=&quot;0&quot;&gt;
  &lt;listeners&gt;
    &lt;listener class-name=&quot;listeners.Listners&quot;/&gt;
    &lt;listener class-name=&quot;listeners.Report_log&quot;/&gt;
    &lt;listener class-name=&quot;extentReports.Extent_report&quot;/&gt;
  &lt;/listeners&gt;
  &lt;test thread-count=&quot;5&quot; name=&quot;smoke&quot; verbose=&quot;0&quot;&gt;
    &lt;classes&gt;
      &lt;class name=&quot;testingbaba.Testingbaba_launch_test&quot;/&gt;
    &lt;/classes&gt;
  &lt;/test&gt; &lt;!-- smoke --&gt;
  &lt;test thread-count=&quot;5&quot; name=&quot;Textbox&quot; verbose=&quot;0&quot;&gt;
    &lt;classes&gt;
      &lt;class name=&quot;testingbaba.Testingbaba_textbox_test&quot;/&gt;
    &lt;/classes&gt;
  &lt;/test&gt; &lt;!-- Textbox --&gt;
  &lt;test thread-count=&quot;5&quot; name=&quot;buttons&quot; verbose=&quot;0&quot;&gt;
    &lt;classes&gt;
      &lt;class name=&quot;testingbaba.Testingbaba_buttons_test&quot;/&gt;
    &lt;/classes&gt;
  &lt;/test&gt; &lt;!-- buttons --&gt;
  &lt;test thread-count=&quot;5&quot; name=&quot;checkbox&quot; verbose=&quot;0&quot;&gt;
    &lt;classes&gt;
      &lt;class name=&quot;testingbaba.Testingbaba_checkbox_test&quot;/&gt;
    &lt;/classes&gt;
  &lt;/test&gt; &lt;!-- checkbox --&gt;
  &lt;test thread-count=&quot;5&quot; name=&quot;dropdown&quot; verbose=&quot;0&quot;&gt;
    &lt;classes&gt;
      &lt;class name=&quot;testingbaba.Testingbaba_dropdown_test&quot;/&gt;
    &lt;/classes&gt;
  &lt;/test&gt; &lt;!-- dropdown --&gt;
  &lt;test thread-count=&quot;5&quot; name=&quot;links&quot; verbose=&quot;0&quot;&gt;
    &lt;classes&gt;
      &lt;class name=&quot;testingbaba.Testingbaba_links_test&quot;/&gt;
    &lt;/classes&gt;
  &lt;/test&gt; &lt;!-- links --&gt;
  &lt;test thread-count=&quot;5&quot; name=&quot;radio&quot; verbose=&quot;0&quot;&gt;
    &lt;classes&gt;
      &lt;class name=&quot;testingbaba.Testingbaba_radio_test&quot;/&gt;
    &lt;/classes&gt;
  &lt;/test&gt; &lt;!-- radio --&gt;
  &lt;test thread-count=&quot;5&quot; name=&quot;autocomplete&quot; verbose=&quot;0&quot;&gt;
    &lt;classes&gt;
      &lt;class name=&quot;testingbaba.Testingbaba_autocomplete_test&quot;/&gt;
    &lt;/classes&gt;
  &lt;/test&gt; &lt;!-- autocomplete --&gt;
  &lt;test thread-count=&quot;5&quot; name=&quot;Webtable&quot; verbose=&quot;0&quot;&gt;
    &lt;classes&gt;
      &lt;class name=&quot;testingbaba.Testingbaba_webtables_test&quot;/&gt;
    &lt;/classes&gt;
  &lt;/test&gt; &lt;!-- Webtable --&gt;
  &lt;test thread-count=&quot;5&quot; name=&quot;Flipkart&quot; verbose=&quot;0&quot;&gt;
    &lt;classes&gt;
      &lt;class name=&quot;flipkart.Flipkart_buy_test&quot;/&gt;
    &lt;/classes&gt;
  &lt;/test&gt; &lt;!-- Flipkart --&gt;
  &lt;test thread-count=&quot;5&quot; name=&quot;Flipkart_Buy_product&quot; verbose=&quot;0&quot;&gt;
    &lt;classes&gt;
      &lt;class name=&quot;flipkart.Flipkart_buyproduct_test&quot;/&gt;
    &lt;/classes&gt;
  &lt;/test&gt; &lt;!-- Flipkart_Buy_product --&gt;
  &lt;test thread-count=&quot;5&quot; name=&quot;Makemytrip&quot; verbose=&quot;0&quot;&gt;
    &lt;classes&gt;
      &lt;class name=&quot;makemytrip.Makemytrip_launch_test&quot;/&gt;
    &lt;/classes&gt;
  &lt;/test&gt; &lt;!-- Makemytrip --&gt;
&lt;/suite&gt; &lt;!-- Testingbaba --&gt;
            </pre>
          </div> <!-- main-panel-content rounded-window-bottom -->
        </div> <!-- panel -->
        <div panel-name="testlist-Testingbaba" class="panel">
          <div class="main-panel-header rounded-window-top">
            <span class="header-content">Tests for Testingbaba</span>
          </div> <!-- main-panel-header rounded-window-top -->
          <div class="main-panel-content rounded-window-bottom">
            <ul>
              <li>
                <span class="test-name">smoke (1 class)</span>
              </li>
              <li>
                <span class="test-name">Textbox (1 class)</span>
              </li>
              <li>
                <span class="test-name">buttons (1 class)</span>
              </li>
              <li>
                <span class="test-name">checkbox (1 class)</span>
              </li>
              <li>
                <span class="test-name">dropdown (1 class)</span>
              </li>
              <li>
                <span class="test-name">links (1 class)</span>
              </li>
              <li>
                <span class="test-name">radio (1 class)</span>
              </li>
              <li>
                <span class="test-name">autocomplete (1 class)</span>
              </li>
              <li>
                <span class="test-name">Webtable (1 class)</span>
              </li>
              <li>
                <span class="test-name">Flipkart (1 class)</span>
              </li>
              <li>
                <span class="test-name">Flipkart_Buy_product (1 class)</span>
              </li>
              <li>
                <span class="test-name">Makemytrip (1 class)</span>
              </li>
            </ul>
          </div> <!-- main-panel-content rounded-window-bottom -->
        </div> <!-- panel -->
        <div panel-name="group-Testingbaba" class="panel">
          <div class="main-panel-header rounded-window-top">
            <span class="header-content">Groups for Testingbaba</span>
          </div> <!-- main-panel-header rounded-window-top -->
          <div class="main-panel-content rounded-window-bottom">
          </div> <!-- main-panel-content rounded-window-bottom -->
        </div> <!-- panel -->
        <div panel-name="times-Testingbaba" class="panel">
          <div class="main-panel-header rounded-window-top">
            <span class="header-content">Times for Testingbaba</span>
          </div> <!-- main-panel-header rounded-window-top -->
          <div class="main-panel-content rounded-window-bottom">
            <div class="times-div">
              <script type="text/javascript">
suiteTableInitFunctions.push('tableData_Testingbaba');
function tableData_Testingbaba() {
var data = new google.visualization.DataTable();
data.addColumn('number', 'Number');
data.addColumn('string', 'Method');
data.addColumn('string', 'Class');
data.addColumn('number', 'Time (ms)');
data.addRows(24);
data.setCell(0, 0, 0)
data.setCell(0, 1, 'FlipkartProfileChange_Test02')
data.setCell(0, 2, 'flipkart.Flipkart_buy_test')
data.setCell(0, 3, 19878);
data.setCell(1, 0, 1)
data.setCell(1, 1, 'MakemyTripSendINValidNumber_Test02')
data.setCell(1, 2, 'makemytrip.Makemytrip_launch_test')
data.setCell(1, 3, 10987);
data.setCell(2, 0, 2)
data.setCell(2, 1, 'MakemyTripSendValidNumber_Test01')
data.setCell(2, 2, 'makemytrip.Makemytrip_launch_test')
data.setCell(2, 3, 4969);
data.setCell(3, 0, 3)
data.setCell(3, 1, 'FlipkartLoginInvalidCred_Test01')
data.setCell(3, 2, 'flipkart.Flipkart_buyproduct_test')
data.setCell(3, 3, 3853);
data.setCell(4, 0, 4)
data.setCell(4, 1, 'FlipkartLogin_Test01')
data.setCell(4, 2, 'flipkart.Flipkart_buy_test')
data.setCell(4, 3, 2543);
data.setCell(5, 0, 5)
data.setCell(5, 1, 'AutocompleteTestingBaba_test03')
data.setCell(5, 2, 'testingbaba.Testingbaba_autocomplete_test')
data.setCell(5, 3, 2534);
data.setCell(6, 0, 6)
data.setCell(6, 1, 'LinksTestingBaba_test02')
data.setCell(6, 2, 'testingbaba.Testingbaba_links_test')
data.setCell(6, 3, 2313);
data.setCell(7, 0, 7)
data.setCell(7, 1, 'DropdownTestingBaba_test01')
data.setCell(7, 2, 'testingbaba.Testingbaba_dropdown_test')
data.setCell(7, 3, 2256);
data.setCell(8, 0, 8)
data.setCell(8, 1, 'RadioButtonTestingBaba_test01')
data.setCell(8, 2, 'testingbaba.Testingbaba_radio_test')
data.setCell(8, 3, 1190);
data.setCell(9, 0, 9)
data.setCell(9, 1, 'AutocompleteTestingBaba_test02')
data.setCell(9, 2, 'testingbaba.Testingbaba_autocomplete_test')
data.setCell(9, 3, 1152);
data.setCell(10, 0, 10)
data.setCell(10, 1, 'ButtonsTestingBaba_test02')
data.setCell(10, 2, 'testingbaba.Testingbaba_buttons_test')
data.setCell(10, 3, 667);
data.setCell(11, 0, 11)
data.setCell(11, 1, 'ButtonsTestingBaba_test03')
data.setCell(11, 2, 'testingbaba.Testingbaba_buttons_test')
data.setCell(11, 3, 207);
data.setCell(12, 0, 12)
data.setCell(12, 1, 'ButtonsTestingBaba_test01')
data.setCell(12, 2, 'testingbaba.Testingbaba_buttons_test')
data.setCell(12, 3, 181);
data.setCell(13, 0, 13)
data.setCell(13, 1, 'AutocompleteTestingBaba_test01')
data.setCell(13, 2, 'testingbaba.Testingbaba_autocomplete_test')
data.setCell(13, 3, 160);
data.setCell(14, 0, 14)
data.setCell(14, 1, 'LinksTestingBaba_test01')
data.setCell(14, 2, 'testingbaba.Testingbaba_links_test')
data.setCell(14, 3, 116);
data.setCell(15, 0, 15)
data.setCell(15, 1, 'LaunchTestingBaba_test01')
data.setCell(15, 2, 'testingbaba.Testingbaba_launch_test')
data.setCell(15, 3, 21);
data.setCell(16, 0, 16)
data.setCell(16, 1, 'TextboxTestingBaba_test02')
data.setCell(16, 2, 'testingbaba.Testingbaba_textbox_test')
data.setCell(16, 3, 1);
data.setCell(17, 0, 17)
data.setCell(17, 1, 'TextboxTestingBaba_test01')
data.setCell(17, 2, 'testingbaba.Testingbaba_textbox_test')
data.setCell(17, 3, 0);
data.setCell(18, 0, 18)
data.setCell(18, 1, 'TextboxTestingBaba_test03')
data.setCell(18, 2, 'testingbaba.Testingbaba_textbox_test')
data.setCell(18, 3, 0);
data.setCell(19, 0, 19)
data.setCell(19, 1, 'TextboxTestingBaba_test04')
data.setCell(19, 2, 'testingbaba.Testingbaba_textbox_test')
data.setCell(19, 3, 0);
data.setCell(20, 0, 20)
data.setCell(20, 1, 'CheckboxTestingBaba_test02')
data.setCell(20, 2, 'testingbaba.Testingbaba_checkbox_test')
data.setCell(20, 3, 0);
data.setCell(21, 0, 21)
data.setCell(21, 1, 'CheckboxTestingBaba_test03')
data.setCell(21, 2, 'testingbaba.Testingbaba_checkbox_test')
data.setCell(21, 3, 0);
data.setCell(22, 0, 22)
data.setCell(22, 1, 'CheckboxTestingBaba_test01')
data.setCell(22, 2, 'testingbaba.Testingbaba_checkbox_test')
data.setCell(22, 3, 0);
data.setCell(23, 0, 23)
data.setCell(23, 1, 'WebTablesTestingBaba_test01')
data.setCell(23, 2, 'testingbaba.Testingbaba_webtables_test')
data.setCell(23, 3, 0);
window.suiteTableData['Testingbaba']= { tableData: data, tableDiv: 'times-div-Testingbaba'}
return data;
}
              </script>
              <span class="suite-total-time">Total running time: 53 seconds</span>
              <div id="times-div-Testingbaba">
              </div> <!-- times-div-Testingbaba -->
            </div> <!-- times-div -->
          </div> <!-- main-panel-content rounded-window-bottom -->
        </div> <!-- panel -->
        <div panel-name="reporter-Testingbaba" class="panel">
          <div class="main-panel-header rounded-window-top">
            <span class="header-content">Reporter output for Testingbaba</span>
          </div> <!-- main-panel-header rounded-window-top -->
          <div class="main-panel-content rounded-window-bottom">
            <div class="reporter-method-div">
              <span class="reporter-method-name">LaunchTestingBaba_test01</span>
              <div class="reporter-method-output-div">
                <span class="reporter-method-output">Testcase LaunchTestingBaba_test01 started successfully</span>
                <span class="reporter-method-output">Testcase LaunchTestingBaba_test01 passed successfully</span>
              </div> <!-- reporter-method-output-div -->
            </div> <!-- reporter-method-div -->
            <div class="reporter-method-div">
              <span class="reporter-method-name">TextboxTestingBaba_test01</span>
              <div class="reporter-method-output-div">
                <span class="reporter-method-output">Testcase TextboxTestingBaba_test01 got skipped</span>
                <span class="reporter-method-output">Testcase TextboxTestingBaba_test02 started successfully</span>
              </div> <!-- reporter-method-output-div -->
            </div> <!-- reporter-method-div -->
            <div class="reporter-method-div">
              <span class="reporter-method-name">TextboxTestingBaba_test02</span>
              <div class="reporter-method-output-div">
                <span class="reporter-method-output">Testcase TextboxTestingBaba_test02 got skipped</span>
                <span class="reporter-method-output">Testcase TextboxTestingBaba_test03 started successfully</span>
              </div> <!-- reporter-method-output-div -->
            </div> <!-- reporter-method-div -->
            <div class="reporter-method-div">
              <span class="reporter-method-name">TextboxTestingBaba_test03</span>
              <div class="reporter-method-output-div">
                <span class="reporter-method-output">Testcase TextboxTestingBaba_test03 got skipped</span>
                <span class="reporter-method-output">Testcase TextboxTestingBaba_test04 started successfully</span>
              </div> <!-- reporter-method-output-div -->
            </div> <!-- reporter-method-div -->
            <div class="reporter-method-div">
              <span class="reporter-method-name">TextboxTestingBaba_test04</span>
              <div class="reporter-method-output-div">
                <span class="reporter-method-output">Testcase TextboxTestingBaba_test04 got skipped</span>
                <span class="reporter-method-output">About to end executing Class Textbox</span>
                <span class="reporter-method-output">About to begin executing Class buttons</span>
              </div> <!-- reporter-method-output-div -->
            </div> <!-- reporter-method-div -->
            <div class="reporter-method-div">
              <span class="reporter-method-name">ButtonsTestingBaba_test01</span>
              <div class="reporter-method-output-div">
                <span class="reporter-method-output">Testcase ButtonsTestingBaba_test01 started successfully</span>
                <span class="reporter-method-output">Testcase ButtonsTestingBaba_test01 passed successfully</span>
              </div> <!-- reporter-method-output-div -->
            </div> <!-- reporter-method-div -->
            <div class="reporter-method-div">
              <span class="reporter-method-name">ButtonsTestingBaba_test02</span>
              <div class="reporter-method-output-div">
                <span class="reporter-method-output">Testcase ButtonsTestingBaba_test02 started successfully</span>
                <span class="reporter-method-output">Testcase ButtonsTestingBaba_test02 passed successfully</span>
              </div> <!-- reporter-method-output-div -->
            </div> <!-- reporter-method-div -->
            <div class="reporter-method-div">
              <span class="reporter-method-name">ButtonsTestingBaba_test03</span>
              <div class="reporter-method-output-div">
                <span class="reporter-method-output">Testcase ButtonsTestingBaba_test03 started successfully</span>
                <span class="reporter-method-output">Testcase ButtonsTestingBaba_test03 passed successfully</span>
              </div> <!-- reporter-method-output-div -->
            </div> <!-- reporter-method-div -->
            <div class="reporter-method-div">
              <span class="reporter-method-name">CheckboxTestingBaba_test02</span>
              <div class="reporter-method-output-div">
                <span class="reporter-method-output">Testcase CheckboxTestingBaba_test02 got skipped</span>
                <span class="reporter-method-output">Testcase CheckboxTestingBaba_test03 started successfully</span>
              </div> <!-- reporter-method-output-div -->
            </div> <!-- reporter-method-div -->
            <div class="reporter-method-div">
              <span class="reporter-method-name">CheckboxTestingBaba_test03</span>
              <div class="reporter-method-output-div">
                <span class="reporter-method-output">Testcase CheckboxTestingBaba_test03 got skipped</span>
                <span class="reporter-method-output">About to end executing Class checkbox</span>
                <span class="reporter-method-output">About to begin executing Class dropdown</span>
              </div> <!-- reporter-method-output-div -->
            </div> <!-- reporter-method-div -->
            <div class="reporter-method-div">
              <span class="reporter-method-name">CheckboxTestingBaba_test01</span>
              <div class="reporter-method-output-div">
                <span class="reporter-method-output">Testcase CheckboxTestingBaba_test01 got skipped</span>
                <span class="reporter-method-output">Testcase CheckboxTestingBaba_test02 started successfully</span>
              </div> <!-- reporter-method-output-div -->
            </div> <!-- reporter-method-div -->
            <div class="reporter-method-div">
              <span class="reporter-method-name">DropdownTestingBaba_test01</span>
              <div class="reporter-method-output-div">
                <span class="reporter-method-output">Testcase DropdownTestingBaba_test01 started successfully</span>
                <span class="reporter-method-output">Testcase DropdownTestingBaba_test01 passed successfully</span>
              </div> <!-- reporter-method-output-div -->
            </div> <!-- reporter-method-div -->
            <div class="reporter-method-div">
              <span class="reporter-method-name">LinksTestingBaba_test02</span>
              <div class="reporter-method-output-div">
                <span class="reporter-method-output">Testcase LinksTestingBaba_test02 started successfully</span>
                <span class="reporter-method-output">Testcase LinksTestingBaba_test02 passed successfully</span>
              </div> <!-- reporter-method-output-div -->
            </div> <!-- reporter-method-div -->
            <div class="reporter-method-div">
              <span class="reporter-method-name">LinksTestingBaba_test01</span>
              <div class="reporter-method-output-div">
                <span class="reporter-method-output">Testcase LinksTestingBaba_test01 started successfully</span>
                <span class="reporter-method-output">Testcase LinksTestingBaba_test01 passed successfully</span>
              </div> <!-- reporter-method-output-div -->
            </div> <!-- reporter-method-div -->
            <div class="reporter-method-div">
              <span class="reporter-method-name">RadioButtonTestingBaba_test01</span>
              <div class="reporter-method-output-div">
                <span class="reporter-method-output">Testcase RadioButtonTestingBaba_test01 started successfully</span>
                <span class="reporter-method-output">Testcase RadioButtonTestingBaba_test01 failed</span>
              </div> <!-- reporter-method-output-div -->
            </div> <!-- reporter-method-div -->
            <div class="reporter-method-div">
              <span class="reporter-method-name">AutocompleteTestingBaba_test02</span>
              <div class="reporter-method-output-div">
                <span class="reporter-method-output">Testcase AutocompleteTestingBaba_test02 started successfully</span>
                <span class="reporter-method-output">Testcase AutocompleteTestingBaba_test02 passed successfully</span>
              </div> <!-- reporter-method-output-div -->
            </div> <!-- reporter-method-div -->
            <div class="reporter-method-div">
              <span class="reporter-method-name">AutocompleteTestingBaba_test03</span>
              <div class="reporter-method-output-div">
                <span class="reporter-method-output">Testcase AutocompleteTestingBaba_test03 started successfully</span>
                <span class="reporter-method-output">Testcase AutocompleteTestingBaba_test03 passed successfully</span>
              </div> <!-- reporter-method-output-div -->
            </div> <!-- reporter-method-div -->
            <div class="reporter-method-div">
              <span class="reporter-method-name">AutocompleteTestingBaba_test01</span>
              <div class="reporter-method-output-div">
                <span class="reporter-method-output">Testcase AutocompleteTestingBaba_test01 started successfully</span>
                <span class="reporter-method-output">Testcase AutocompleteTestingBaba_test01 passed successfully</span>
              </div> <!-- reporter-method-output-div -->
            </div> <!-- reporter-method-div -->
            <div class="reporter-method-div">
              <span class="reporter-method-name">WebTablesTestingBaba_test01</span>
              <div class="reporter-method-output-div">
                <span class="reporter-method-output">Testcase WebTablesTestingBaba_test01 got skipped</span>
                <span class="reporter-method-output">About to end executing Class Webtable</span>
                <span class="reporter-method-output">About to begin executing Class Flipkart</span>
              </div> <!-- reporter-method-output-div -->
            </div> <!-- reporter-method-div -->
            <div class="reporter-method-div">
              <span class="reporter-method-name">FlipkartLogin_Test01</span>
              <div class="reporter-method-output-div">
                <span class="reporter-method-output">Testcase FlipkartLogin_Test01 started successfully</span>
                <span class="reporter-method-output">Testcase FlipkartLogin_Test01 passed successfully</span>
              </div> <!-- reporter-method-output-div -->
            </div> <!-- reporter-method-div -->
            <div class="reporter-method-div">
              <span class="reporter-method-name">FlipkartProfileChange_Test02</span>
              <div class="reporter-method-output-div">
                <span class="reporter-method-output">Testcase FlipkartProfileChange_Test02 started successfully</span>
                <span class="reporter-method-output">Testcase FlipkartProfileChange_Test02 passed successfully</span>
              </div> <!-- reporter-method-output-div -->
            </div> <!-- reporter-method-div -->
            <div class="reporter-method-div">
              <span class="reporter-method-name">FlipkartLoginInvalidCred_Test01</span>
              <div class="reporter-method-output-div">
                <span class="reporter-method-output">Testcase FlipkartLoginInvalidCred_Test01 started successfully</span>
                <span class="reporter-method-output">Testcase FlipkartLoginInvalidCred_Test01 passed successfully</span>
              </div> <!-- reporter-method-output-div -->
            </div> <!-- reporter-method-div -->
            <div class="reporter-method-div">
              <span class="reporter-method-name">MakemyTripSendValidNumber_Test01</span>
              <div class="reporter-method-output-div">
                <span class="reporter-method-output">Testcase MakemyTripSendValidNumber_Test01 started successfully</span>
                <span class="reporter-method-output">Testcase MakemyTripSendValidNumber_Test01 passed successfully</span>
              </div> <!-- reporter-method-output-div -->
            </div> <!-- reporter-method-div -->
            <div class="reporter-method-div">
              <span class="reporter-method-name">MakemyTripSendINValidNumber_Test02</span>
              <div class="reporter-method-output-div">
                <span class="reporter-method-output">Testcase MakemyTripSendINValidNumber_Test02 started successfully</span>
                <span class="reporter-method-output">Testcase MakemyTripSendINValidNumber_Test02 passed successfully</span>
              </div> <!-- reporter-method-output-div -->
            </div> <!-- reporter-method-div -->
          </div> <!-- main-panel-content rounded-window-bottom -->
        </div> <!-- panel -->
        <div panel-name="ignored-methods-Testingbaba" class="panel">
          <div class="main-panel-header rounded-window-top">
            <span class="header-content">0 ignored methods</span>
          </div> <!-- main-panel-header rounded-window-top -->
          <div class="main-panel-content rounded-window-bottom">
          </div> <!-- main-panel-content rounded-window-bottom -->
        </div> <!-- panel -->
        <div panel-name="chronological-Testingbaba" class="panel">
          <div class="main-panel-header rounded-window-top">
            <span class="header-content">Methods in chronological order</span>
          </div> <!-- main-panel-header rounded-window-top -->
          <div class="main-panel-content rounded-window-bottom">
            <div class="chronological-class">
              <div class="chronological-class-name">testingbaba.Testingbaba_launch_test</div> <!-- chronological-class-name -->
              <div class="configuration-test before">
                <span class="method-name">launchtestingbaba</span>
                <span class="method-start">0 ms</span>
              </div> <!-- configuration-test before -->
              <div class="test-method">
                <span class="method-name">LaunchTestingBaba_test01</span>
                <span class="method-start">8153 ms</span>
              </div> <!-- test-method -->
              <div class="configuration-test after">
                <span class="method-name">Teardown</span>
                <span class="method-start">8174 ms</span>
              </div> <!-- configuration-test after -->
            </div> <!-- chronological-class -->
            <div class="chronological-class">
              <div class="chronological-class-name">testingbaba.Testingbaba_textbox_test</div> <!-- chronological-class-name -->
              <div class="configuration-test before">
                <img src="failed.png">
                </img>
                <span class="method-name">launchtestingbaba</span>
                <span class="method-start">8962 ms</span>
              </div> <!-- configuration-test before -->
              <div class="test-method">
                <span class="method-name">TextboxTestingBaba_test01</span>
                <span class="method-start">15712 ms</span>
              </div> <!-- test-method -->
              <div class="test-method">
                <span class="method-name">TextboxTestingBaba_test02</span>
                <span class="method-start">15714 ms</span>
              </div> <!-- test-method -->
              <div class="test-method">
                <span class="method-name">TextboxTestingBaba_test03</span>
                <span class="method-start">15716 ms</span>
              </div> <!-- test-method -->
              <div class="test-method">
                <span class="method-name">TextboxTestingBaba_test04</span>
                <span class="method-start">15719 ms</span>
              </div> <!-- test-method -->
              <div class="configuration-test after">
                <span class="method-name">Teardown</span>
                <span class="method-start">15724 ms</span>
              </div> <!-- configuration-test after -->
            </div> <!-- chronological-class -->
            <div class="chronological-class">
              <div class="chronological-class-name">testingbaba.Testingbaba_buttons_test</div> <!-- chronological-class-name -->
              <div class="configuration-test before">
                <span class="method-name">launchtestingbaba</span>
                <span class="method-start">15770 ms</span>
              </div> <!-- configuration-test before -->
              <div class="test-method">
                <span class="method-name">ButtonsTestingBaba_test01</span>
                <span class="method-start">24762 ms</span>
              </div> <!-- test-method -->
              <div class="test-method">
                <span class="method-name">ButtonsTestingBaba_test02</span>
                <span class="method-start">24943 ms</span>
              </div> <!-- test-method -->
              <div class="test-method">
                <span class="method-name">ButtonsTestingBaba_test03</span>
                <span class="method-start">25610 ms</span>
              </div> <!-- test-method -->
              <div class="configuration-test after">
                <span class="method-name">Teardown</span>
                <span class="method-start">25817 ms</span>
              </div> <!-- configuration-test after -->
            </div> <!-- chronological-class -->
            <div class="chronological-class">
              <div class="chronological-class-name">testingbaba.Testingbaba_checkbox_test</div> <!-- chronological-class-name -->
              <div class="configuration-test before">
                <img src="failed.png">
                </img>
                <span class="method-name">launchtestingbaba</span>
                <span class="method-start">26489 ms</span>
              </div> <!-- configuration-test before -->
              <div class="test-method">
                <span class="method-name">CheckboxTestingBaba_test01</span>
                <span class="method-start">33276 ms</span>
              </div> <!-- test-method -->
              <div class="test-method">
                <span class="method-name">CheckboxTestingBaba_test02</span>
                <span class="method-start">33279 ms</span>
              </div> <!-- test-method -->
              <div class="test-method">
                <span class="method-name">CheckboxTestingBaba_test03</span>
                <span class="method-start">33285 ms</span>
              </div> <!-- test-method -->
              <div class="configuration-test after">
                <span class="method-name">Teardown</span>
                <span class="method-start">33287 ms</span>
              </div> <!-- configuration-test after -->
            </div> <!-- chronological-class -->
            <div class="chronological-class">
              <div class="chronological-class-name">testingbaba.Testingbaba_dropdown_test</div> <!-- chronological-class-name -->
              <div class="configuration-test before">
                <span class="method-name">launchtestingbaba</span>
                <span class="method-start">33331 ms</span>
              </div> <!-- configuration-test before -->
              <div class="test-method">
                <span class="method-name">DropdownTestingBaba_test01</span>
                <span class="method-start">39823 ms</span>
              </div> <!-- test-method -->
              <div class="configuration-test after">
                <span class="method-name">Teardown</span>
                <span class="method-start">42079 ms</span>
              </div> <!-- configuration-test after -->
            </div> <!-- chronological-class -->
            <div class="chronological-class">
              <div class="chronological-class-name">testingbaba.Testingbaba_links_test</div> <!-- chronological-class-name -->
              <div class="configuration-test before">
                <span class="method-name">launchtestingbaba</span>
                <span class="method-start">42759 ms</span>
              </div> <!-- configuration-test before -->
              <div class="test-method">
                <span class="method-name">LinksTestingBaba_test01</span>
                <span class="method-start">50330 ms</span>
              </div> <!-- test-method -->
              <div class="test-method">
                <span class="method-name">LinksTestingBaba_test02</span>
                <span class="method-start">50449 ms</span>
              </div> <!-- test-method -->
              <div class="configuration-test after">
                <span class="method-name">Teardown</span>
                <span class="method-start">52763 ms</span>
              </div> <!-- configuration-test after -->
            </div> <!-- chronological-class -->
            <div class="chronological-class">
              <div class="chronological-class-name">testingbaba.Testingbaba_radio_test</div> <!-- chronological-class-name -->
              <div class="configuration-test before">
                <span class="method-name">launchtestingbaba</span>
                <span class="method-start">53391 ms</span>
              </div> <!-- configuration-test before -->
              <div class="test-method">
                <img src="failed.png">
                </img>
                <span class="method-name">RadioButtonTestingBaba_test01</span>
                <span class="method-start">58776 ms</span>
              </div> <!-- test-method -->
              <div class="configuration-test after">
                <span class="method-name">Teardown</span>
                <span class="method-start">60226 ms</span>
              </div> <!-- configuration-test after -->
            </div> <!-- chronological-class -->
            <div class="chronological-class">
              <div class="chronological-class-name">testingbaba.Testingbaba_autocomplete_test</div> <!-- chronological-class-name -->
              <div class="configuration-test before">
                <span class="method-name">launchtestingbaba</span>
                <span class="method-start">60945 ms</span>
              </div> <!-- configuration-test before -->
              <div class="test-method">
                <span class="method-name">AutocompleteTestingBaba_test01</span>
                <span class="method-start">68584 ms</span>
              </div> <!-- test-method -->
              <div class="test-method">
                <span class="method-name">AutocompleteTestingBaba_test02</span>
                <span class="method-start">68745 ms</span>
              </div> <!-- test-method -->
              <div class="test-method">
                <span class="method-name">AutocompleteTestingBaba_test03</span>
                <span class="method-start">69897 ms</span>
              </div> <!-- test-method -->
              <div class="configuration-test after">
                <span class="method-name">Teardown</span>
                <span class="method-start">72432 ms</span>
              </div> <!-- configuration-test after -->
            </div> <!-- chronological-class -->
            <div class="chronological-class">
              <div class="chronological-class-name">testingbaba.Testingbaba_webtables_test</div> <!-- chronological-class-name -->
              <div class="configuration-test before">
                <img src="failed.png">
                </img>
                <span class="method-name">launchtestingbaba</span>
                <span class="method-start">73191 ms</span>
              </div> <!-- configuration-test before -->
              <div class="test-method">
                <span class="method-name">WebTablesTestingBaba_test01</span>
                <span class="method-start">80423 ms</span>
              </div> <!-- test-method -->
              <div class="configuration-test after">
                <span class="method-name">Teardown</span>
                <span class="method-start">80425 ms</span>
              </div> <!-- configuration-test after -->
            </div> <!-- chronological-class -->
            <div class="chronological-class">
              <div class="chronological-class-name">flipkart.Flipkart_buy_test</div> <!-- chronological-class-name -->
              <div class="configuration-test before">
                <span class="method-name">launchFB</span>
                <span class="method-start">80448 ms</span>
              </div> <!-- configuration-test before -->
              <div class="test-method">
                <span class="method-name">FlipkartLogin_Test01</span>
                <span class="method-start">87132 ms</span>
              </div> <!-- test-method -->
              <div class="test-method">
                <span class="method-name">FlipkartProfileChange_Test02</span>
                <span class="method-start">89677 ms</span>
              </div> <!-- test-method -->
              <div class="configuration-test after">
                <span class="method-name">Teardown</span>
                <span class="method-start">109556 ms</span>
              </div> <!-- configuration-test after -->
            </div> <!-- chronological-class -->
            <div class="chronological-class">
              <div class="chronological-class-name">flipkart.Flipkart_buyproduct_test</div> <!-- chronological-class-name -->
              <div class="configuration-test before">
                <span class="method-name">launchFB</span>
                <span class="method-start">110311 ms</span>
              </div> <!-- configuration-test before -->
              <div class="test-method">
                <span class="method-name">FlipkartLoginInvalidCred_Test01</span>
                <span class="method-start">114233 ms</span>
              </div> <!-- test-method -->
              <div class="configuration-test after">
                <span class="method-name">Teardown</span>
                <span class="method-start">118086 ms</span>
              </div> <!-- configuration-test after -->
            </div> <!-- chronological-class -->
            <div class="chronological-class">
              <div class="chronological-class-name">makemytrip.Makemytrip_launch_test</div> <!-- chronological-class-name -->
              <div class="configuration-test before">
                <span class="method-name">launchFB</span>
                <span class="method-start">118793 ms</span>
              </div> <!-- configuration-test before -->
              <div class="test-method">
                <span class="method-name">MakemyTripSendValidNumber_Test01</span>
                <span class="method-start">125269 ms</span>
              </div> <!-- test-method -->
              <div class="test-method">
                <span class="method-name">MakemyTripSendINValidNumber_Test02</span>
                <span class="method-start">130239 ms</span>
              </div> <!-- test-method -->
              <div class="configuration-test after">
                <span class="method-name">Teardown</span>
                <span class="method-start">141227 ms</span>
              </div> <!-- configuration-test after -->
          </div> <!-- main-panel-content rounded-window-bottom -->
        </div> <!-- panel -->
      </div> <!-- main-panel-root -->
    </div> <!-- wrapper -->
  </body>
<script type="text/javascript" src="testng-reports2.js"></script>
</html>
