<?xml version="1.0" encoding="UTF-8"?>
<testsuite xmlns:xsi="http://www.w3.org/2001/XMLSchema-instance" xsi:schemaLocation="https://maven.apache.org/surefire/maven-surefire-plugin/xsd/surefire-test-report.xsd" name="TestSuite" time="175.066" tests="26" errors="0" skipped="2" failures="2">
  <properties>
    <property name="JOB_NAME" value="Testingbaba_maven"/>
    <property name="java.vendor" value="Oracle Corporation"/>
    <property name="sun.java.launcher" value="SUN_STANDARD"/>
    <property name="RUN_TESTS_DISPLAY_URL" value="http://localhost:8080/job/Testingbaba_maven/102/display/redirect?page=tests"/>
    <property name="NUMBER_OF_PROCESSORS" value="4"/>
    <property name="sun.management.compiler" value="HotSpot 64-Bit Tiered Compilers"/>
    <property name="JENKINS_HOME" value="C:\ProgramData\Jenkins\.jenkins"/>
    <property name="HUDSON_SERVER_COOKIE" value="eb8388b5b3d2ed27"/>
    <property name="POM_ARTIFACTID" value="Testingbaba_maven"/>
    <property name="os.name" value="Windows 10"/>
    <property name="EXECUTOR_NUMBER" value="4"/>
    <property name="sun.desktop" value="windows"/>
    <property name="PATHEXT" value=".COM;.EXE;.BAT;.CMD;.VBS;.VBE;.JS;.JSE;.WSF;.WSH;.MSC"/>
    <property name="POM_DISPLAYNAME" value="Testingbaba_maven"/>
    <property name="java.vm.specification.vendor" value="Oracle Corporation"/>
    <property name="TEMP" value="C:\WINDOWS\TEMP"/>
    <property name="NODE_LABELS" value="built-in"/>
    <property name="java.runtime.version" value="11.0.12+8-LTS-237"/>
    <property name="WINSW_SERVICE_ID" value="jenkins"/>
    <property name="user.name" value="DESKTOP-493EAAE$"/>
    <property name="guice.disable.misplaced.annotation.check" value="true"/>
    <property name="CommonProgramW6432" value="C:\Program Files\Common Files"/>
    <property name="ProgramFiles" value="C:\Program Files"/>
    <property name="user.language" value="en"/>
    <property name="JOB_BASE_NAME" value="Testingbaba_maven"/>
    <property name="RUN_CHANGES_DISPLAY_URL" value="http://localhost:8080/job/Testingbaba_maven/102/display/redirect?page=changes"/>
    <property name="BUILD_DISPLAY_NAME" value="#102"/>
    <property name="sun.boot.library.path" value="C:\Program Files\Java\jdk-11.0.12\bin"/>
    <property name="GIT_PREVIOUS_SUCCESSFUL_COMMIT" value="b98a0b01559e8a2b27ce1d965937cc33a9ac4576"/>
    <property name="java.vm.compressedOopsMode" value="32-bit"/>
    <property name="LOCALAPPDATA" value="C:\WINDOWS\system32\config\systemprofile\AppData\Local"/>
    <property name="java.version" value="11.0.12"/>
    <property name="user.timezone" value="Asia/Calcutta"/>
    <property name="PROCESSOR_LEVEL" value="6"/>
    <property name="USERNAME" value="DESKTOP-493EAAE$"/>
    <property name="sun.arch.data.model" value="64"/>
    <property name="NODE_NAME" value="built-in"/>
    <property name="BUILD_ID" value="102"/>
    <property name="sun.cpu.isalist" value="amd64"/>
    <property name="sun.jnu.encoding" value="Cp1252"/>
    <property name="maven.conf" value="C:\ProgramData\Jenkins\.jenkins\tools\hudson.tasks.Maven_MavenInstallation\C_Users_dubey_Downloads_apache-maven-3.8.4-src_apache-maven-3.8.4_apache-maven\conf"/>
    <property name="file.separator" value="\"/>
    <property name="java.specification.name" value="Java Platform API Specification"/>
    <property name="java.class.version" value="55.0"/>
    <property name="org.slf4j.simpleLogger.defaultLogLevel" value="info"/>
    <property name="user.country" value="IN"/>
    <property name="ALLUSERSPROFILE" value="C:\ProgramData"/>
    <property name="java.home" value="C:\Program Files\Java\jdk-11.0.12"/>
    <property name="java.vm.info" value="mixed mode"/>
    <property name="os.version" value="10.0"/>
    <property name="RUN_DISPLAY_URL" value="http://localhost:8080/job/Testingbaba_maven/102/display/redirect"/>
    <property name="POM_VERSION" value="0.0.1-SNAPSHOT"/>
    <property name="TMP" value="C:\WINDOWS\TEMP"/>
    <property name="path.separator" value=";"/>
    <property name="RUN_ARTIFACTS_DISPLAY_URL" value="http://localhost:8080/job/Testingbaba_maven/102/display/redirect?page=artifacts"/>
    <property name="java.vm.version" value="11.0.12+8-LTS-237"/>
    <property name="user.variant" value=""/>
    <property name="GIT_PREVIOUS_COMMIT" value="229df3f850dd4b8810fcfe4e544ace8f7a33efc4"/>
    <property name="CommonProgramFiles(x86)" value="C:\Program Files (x86)\Common Files"/>
    <property name="JOB_DISPLAY_URL" value="http://localhost:8080/job/Testingbaba_maven/display/redirect"/>
    <property name="java.awt.printerjob" value="sun.awt.windows.WPrinterJob"/>
    <property name="CommonProgramFiles" value="C:\Program Files\Common Files"/>
    <property name="sun.io.unicode.encoding" value="UnicodeLittle"/>
    <property name="ComSpec" value="C:\WINDOWS\system32\cmd.exe"/>
    <property name="awt.toolkit" value="sun.awt.windows.WToolkit"/>
    <property name="POM_PACKAGING" value="jar"/>
    <property name="SERVICE_ID" value="jenkins"/>
    <property name="COMPUTERNAME" value="DESKTOP-493EAAE"/>
    <property name="user.script" value=""/>
    <property name="POM_GROUPID" value="Testingbaba_maven"/>
    <property name="user.home" value="C:\WINDOWS\system32\config\systemprofile"/>
    <property name="PUBLIC" value="C:\Users\Public"/>
    <property name="BUILD_TAG" value="jenkins-Testingbaba_maven-102"/>
    <property name="JENKINS_SERVER_COOKIE" value="eb8388b5b3d2ed27"/>
    <property name="HUDSON_URL" value="http://localhost:8080/"/>
    <property name="ProgramData" value="C:\ProgramData"/>
    <property name="java.version.date" value="2021-07-20"/>
    <property name="java.specification.vendor" value="Oracle Corporation"/>
    <property name="USERPROFILE" value="C:\WINDOWS\system32\config\systemprofile"/>
    <property name="CLASSPATH" value=""/>
    <property name="java.library.path" value="C:\Program Files\Java\jdk-11.0.12\bin;C:\WINDOWS\Sun\Java\bin;C:\WINDOWS\system32;C:\WINDOWS;C:\ProgramData\Jenkins\.jenkins\tools\hudson.tasks.Maven_MavenInstallation\C_Users_dubey_Downloads_apache-maven-3.8.4-src_apache-maven-3.8.4_apache-maven/bin;C:\WINDOWS\system32;C:\WINDOWS;C:\WINDOWS\System32\Wbem;C:\WINDOWS\System32\WindowsPowerShell\v1.0\;C:\WINDOWS\System32\OpenSSH\;C:\Program Files\Git\cmd;C:\Program Files\Java\jdk-11.0.12\bin;C:\Program Files\apache-maven-3.8.4\bin;C:\WINDOWS\system32\config\systemprofile\AppData\Local\Microsoft\WindowsApps;."/>
    <property name="java.vendor.url" value="https://openjdk.java.net/"/>
    <property name="User" value="Shivam"/>
    <property name="java.vm.vendor" value="Oracle Corporation"/>
    <property name="APPDATA" value="C:\WINDOWS\system32\config\systemprofile\AppData\Roaming"/>
    <property name="ZES_ENABLE_SYSMAN" value="1"/>
    <property name="java.runtime.name" value="Java(TM) SE Runtime Environment"/>
    <property name="maven.home" value="C:\ProgramData\Jenkins\.jenkins\tools\hudson.tasks.Maven_MavenInstallation\C_Users_dubey_Downloads_apache-maven-3.8.4-src_apache-maven-3.8.4_apache-maven"/>
    <property name="java.class.path" value="C:\ProgramData\Jenkins\.jenkins\plugins\maven-plugin\WEB-INF\lib\maven35-agent-1.13.jar;C:\ProgramData\Jenkins\.jenkins\tools\hudson.tasks.Maven_MavenInstallation\C_Users_dubey_Downloads_apache-maven-3.8.4-src_apache-maven-3.8.4_apache-maven\boot\plexus-classworlds-2.6.0.jar;C:\ProgramData\Jenkins\.jenkins\tools\hudson.tasks.Maven_MavenInstallation\C_Users_dubey_Downloads_apache-maven-3.8.4-src_apache-maven-3.8.4_apache-maven/conf/logging"/>
    <property name="sun.java.command" value="jenkins.maven3.agent.Maven35Main C:\ProgramData\Jenkins\.jenkins\tools\hudson.tasks.Maven_MavenInstallation\C_Users_dubey_Downloads_apache-maven-3.8.4-src_apache-maven-3.8.4_apache-maven C:\ProgramData\Jenkins\war\WEB-INF\lib\remoting-4.12.jar C:\ProgramData\Jenkins\.jenkins\plugins\maven-plugin\WEB-INF\lib\maven35-interceptor-1.13.jar C:\ProgramData\Jenkins\.jenkins\plugins\maven-plugin\WEB-INF\lib\maven3-interceptor-commons-1.13.jar 60646"/>
    <property name="Path" value="C:\WINDOWS\system32;C:\WINDOWS;C:\WINDOWS\System32\Wbem;C:\WINDOWS\System32\WindowsPowerShell\v1.0\;C:\WINDOWS\System32\OpenSSH\;C:\Program Files\Git\cmd;C:\Program Files\Java\jdk-11.0.12\bin;C:\Program Files\apache-maven-3.8.4\bin;C:\WINDOWS\system32\config\systemprofile\AppData\Local\Microsoft\WindowsApps"/>
    <property name="jdk.debug" value="release"/>
    <property name="PROCESSOR_ARCHITECTURE" value="AMD64"/>
    <property name="java.vm.specification.name" value="Java Virtual Machine Specification"/>
    <property name="jansi.mode" value="strip"/>
    <property name="PROCESSOR_IDENTIFIER" value="Intel64 Family 6 Model 140 Stepping 1, GenuineIntel"/>
    <property name="java.vm.specification.version" value="11"/>
    <property name="M2_HOME" value="C:\ProgramData\Jenkins\.jenkins\tools\hudson.tasks.Maven_MavenInstallation\C_Users_dubey_Downloads_apache-maven-3.8.4-src_apache-maven-3.8.4_apache-maven"/>
    <property name="sun.cpu.endian" value="little"/>
    <property name="sun.os.patch.level" value=""/>
    <property name="OS" value="Windows_NT"/>
    <property name="CI" value="true"/>
    <property name="java.io.tmpdir" value="C:\WINDOWS\TEMP\"/>
    <property name="HUDSON_HOME" value="C:\ProgramData\Jenkins\.jenkins"/>
    <property name="PATH+MAVEN" value="C:\ProgramData\Jenkins\.jenkins\tools\hudson.tasks.Maven_MavenInstallation\C_Users_dubey_Downloads_apache-maven-3.8.4-src_apache-maven-3.8.4_apache-maven/bin"/>
    <property name="ProgramFiles(x86)" value="C:\Program Files (x86)"/>
    <property name="java.vendor.url.bug" value="https://bugreport.java.com/bugreport/"/>
    <property name="BUILD_URL" value="http://localhost:8080/job/Testingbaba_maven/102/"/>
    <property name="SystemRoot" value="C:\WINDOWS"/>
    <property name="os.arch" value="amd64"/>
    <property name="java.awt.graphicsenv" value="sun.awt.Win32GraphicsEnvironment"/>
    <property name="user.dir" value="C:\Users\dubey\eclipse-workspace\Testingbaba_maven"/>
    <property name="JOB_URL" value="http://localhost:8080/job/Testingbaba_maven/"/>
    <property name="USERDOMAIN" value="WORKGROUP"/>
    <property name="MAVEN_HOME" value="C:\ProgramData\Jenkins\.jenkins\tools\hudson.tasks.Maven_MavenInstallation\C_Users_dubey_Downloads_apache-maven-3.8.4-src_apache-maven-3.8.4_apache-maven"/>
    <property name="line.separator" value="&#10;"/>
    <property name="java.vm.name" value="Java HotSpot(TM) 64-Bit Server VM"/>
    <property name="BASE" value="C:\Program Files\Jenkins"/>
    <property name="BUILD_NUMBER" value="102"/>
    <property name="PROCESSOR_REVISION" value="8c01"/>
    <property name="JENKINS_URL" value="http://localhost:8080/"/>
    <property name="GIT_BRANCH" value="origin/master"/>
    <property name="ProgramW6432" value="C:\Program Files"/>
    <property name="windir" value="C:\WINDOWS"/>
    <property name="GIT_COMMIT" value="229df3f850dd4b8810fcfe4e544ace8f7a33efc4"/>
    <property name="file.encoding" value="Cp1252"/>
    <property name="SystemDrive" value="C:"/>
    <property name="maven3.interceptor" value="C:\ProgramData\Jenkins\.jenkins\plugins\maven-plugin\WEB-INF\lib\maven35-interceptor-1.13.jar"/>
    <property name="WORKSPACE_TMP" value="C:\ProgramData\Jenkins\.jenkins\workspace\Testingbaba_maven@tmp"/>
    <property name="WORKSPACE" value="C:\ProgramData\Jenkins\.jenkins\workspace\Testingbaba_maven"/>
    <property name="maven3.interceptor.common" value="C:\ProgramData\Jenkins\.jenkins\plugins\maven-plugin\WEB-INF\lib\maven3-interceptor-commons-1.13.jar"/>
    <property name="WINSW_EXECUTABLE" value="C:\Program Files\Jenkins\jenkins.exe"/>
    <property name="PSModulePath" value="C:\Program Files\WindowsPowerShell\Modules;C:\WINDOWS\system32\WindowsPowerShell\v1.0\Modules"/>
    <property name="java.specification.version" value="11"/>
    <property name="DriverData" value="C:\Windows\System32\Drivers\DriverData"/>
    <property name="java.vendor.version" value="18.9"/>
    <property name="GIT_URL" value="https://github.com/shivusrd/Testingbaba_maven"/>
  </properties>
  <testcase name="LaunchTestingBaba_test01" classname="testingbaba.Testingbaba_launch_test" time="0.018"/>
  <testcase name="TextboxTestingBaba_test01" classname="testingbaba.Testingbaba_textbox_test" time="0.022"/>
  <testcase name="TextboxTestingBaba_test02" classname="testingbaba.Testingbaba_textbox_test" time="0.153"/>
  <testcase name="TextboxTestingBaba_test03" classname="testingbaba.Testingbaba_textbox_test" time="1.182"/>
  <testcase name="TextboxTestingBaba_test04" classname="testingbaba.Testingbaba_textbox_test" time="0.26"/>
  <testcase name="ButtonsTestingBaba_test01" classname="testingbaba.Testingbaba_buttons_test" time="0.272"/>
  <testcase name="ButtonsTestingBaba_test02" classname="testingbaba.Testingbaba_buttons_test" time="0.786"/>
  <testcase name="ButtonsTestingBaba_test03" classname="testingbaba.Testingbaba_buttons_test" time="0.238"/>
  <testcase name="CheckboxTestingBaba_test01" classname="testingbaba.Testingbaba_checkbox_test" time="0.153"/>
  <testcase name="CheckboxTestingBaba_test02" classname="testingbaba.Testingbaba_checkbox_test" time="4.207"/>
  <testcase name="CheckboxTestingBaba_test03" classname="testingbaba.Testingbaba_checkbox_test" time="5.731"/>
  <testcase name="DropdownTestingBaba_test01" classname="testingbaba.Testingbaba_dropdown_test" time="2.32"/>
  <testcase name="LinksTestingBaba_test01" classname="testingbaba.Testingbaba_links_test" time="0.131"/>
  <testcase name="LinksTestingBaba_test02" classname="testingbaba.Testingbaba_links_test" time="2.612"/>
  <testcase name="RadioButtonTestingBaba_test01" classname="testingbaba.Testingbaba_radio_test" time="4.527"/>
  <testcase name="AutocompleteTestingBaba_test01" classname="testingbaba.Testingbaba_autocomplete_test" time="0.19"/>
  <testcase name="AutocompleteTestingBaba_test02" classname="testingbaba.Testingbaba_autocomplete_test" time="1.104"/>
  <testcase name="AutocompleteTestingBaba_test03" classname="testingbaba.Testingbaba_autocomplete_test" time="2.402"/>
  <testcase name="launchtestingbaba" classname="testingbaba.Testingbaba_webtables_test" time="10.673">
    <failure message="element click intercepted: Element &lt;a class=&quot;nav-link&quot; href=&quot;newdemo.html&quot;&gt;...&lt;/a&gt; is not clickable at point (566, 34). Other element would receive the click: &lt;div class=&quot;modal-header&quot;&gt;...&lt;/div&gt;&#10;  (Session info: chrome=100.0.4896.60)&#10;Build info: version: &apos;4.1.2&apos;, revision: &apos;9a5a329c5a&apos;&#10;System info: host: &apos;DESKTOP-493EAAE&apos;, ip: &apos;192.168.1.10&apos;, os.name: &apos;Windows 10&apos;, os.arch: &apos;amd64&apos;, os.version: &apos;10.0&apos;, java.version: &apos;11.0.12&apos;&#10;Driver info: org.openqa.selenium.chrome.ChromeDriver&#10;Command: [95855561424a6654feeae6d0c8e6b117, clickElement {id=b6e34e1f-5c64-4aa9-ab2b-ae7671026583}]&#10;Capabilities {acceptInsecureCerts: false, browserName: chrome, browserVersion: 100.0.4896.60, chrome: {chromedriverVersion: 100.0.4896.60 (6a5d10861ce8..., userDataDir: C:\WINDOWS\TEMP\scoped_dir2...}, goog:chromeOptions: {debuggerAddress: localhost:58405}, javascriptEnabled: true, networkConnectionEnabled: false, pageLoadStrategy: normal, platform: WINDOWS, platformName: WINDOWS, proxy: Proxy(), se:cdp: ws://localhost:58405/devtoo..., se:cdpVersion: 100.0.4896.60, setWindowRect: true, strictFileInteractability: false, timeouts: {implicit: 0, pageLoad: 300000, script: 30000}, unhandledPromptBehavior: dismiss and notify, webauthn:extension:credBlob: true, webauthn:extension:largeBlob: true, webauthn:virtualAuthenticators: true}&#10;Element: [[ChromeDriver: chrome on WINDOWS (95855561424a6654feeae6d0c8e6b117)] -&gt; xpath: //*[@id=&quot;navbarSupportedContent&quot;]/ul/li[5]/a]&#10;Session ID: 95855561424a6654feeae6d0c8e6b117" type="org.openqa.selenium.ElementClickInterceptedException"><![CDATA[org.openqa.selenium.ElementClickInterceptedException: 
element click intercepted: Element <a class="nav-link" href="newdemo.html">...</a> is not clickable at point (566, 34). Other element would receive the click: <div class="modal-header">...</div>
  (Session info: chrome=100.0.4896.60)
Build info: version: '4.1.2', revision: '9a5a329c5a'
System info: host: 'DESKTOP-493EAAE', ip: '192.168.1.10', os.name: 'Windows 10', os.arch: 'amd64', os.version: '10.0', java.version: '11.0.12'
Driver info: org.openqa.selenium.chrome.ChromeDriver
Command: [95855561424a6654feeae6d0c8e6b117, clickElement {id=b6e34e1f-5c64-4aa9-ab2b-ae7671026583}]
Capabilities {acceptInsecureCerts: false, browserName: chrome, browserVersion: 100.0.4896.60, chrome: {chromedriverVersion: 100.0.4896.60 (6a5d10861ce8..., userDataDir: C:\WINDOWS\TEMP\scoped_dir2...}, goog:chromeOptions: {debuggerAddress: localhost:58405}, javascriptEnabled: true, networkConnectionEnabled: false, pageLoadStrategy: normal, platform: WINDOWS, platformName: WINDOWS, proxy: Proxy(), se:cdp: ws://localhost:58405/devtoo..., se:cdpVersion: 100.0.4896.60, setWindowRect: true, strictFileInteractability: false, timeouts: {implicit: 0, pageLoad: 300000, script: 30000}, unhandledPromptBehavior: dismiss and notify, webauthn:extension:credBlob: true, webauthn:extension:largeBlob: true, webauthn:virtualAuthenticators: true}
Element: [[ChromeDriver: chrome on WINDOWS (95855561424a6654feeae6d0c8e6b117)] -> xpath: //*[@id="navbarSupportedContent"]/ul/li[5]/a]
Session ID: 95855561424a6654feeae6d0c8e6b117
	at testingbaba.Testingbaba_webtables_test.launchtestingbaba(Testingbaba_webtables_test.java:23)
]]></failure>
    <system-out><![CDATA[[INFO ] 2022-04-05 20:27:21.239 [main] Baselibrary - Closing Chrome Browser
About to end executing Class autocomplete
About to begin executing Class Webtable
[INFO ] 2022-04-05 20:27:21.977 [main] Baselibrary - Starting Chrome Browser
]]></system-out>
    <system-err><![CDATA[Starting ChromeDriver 100.0.4896.60 (6a5d10861ce8de5fce22564658033b43cb7de047-refs/branch-heads/4896@{#875}) on port 63521
Only local connections are allowed.
Please see https://chromedriver.chromium.org/security-considerations for suggestions on keeping ChromeDriver safe.
ChromeDriver was started successfully.
Apr 05, 2022 8:27:25 PM org.openqa.selenium.remote.ProtocolHandshake createSession
INFO: Detected dialect: W3C
Apr 05, 2022 8:27:25 PM org.openqa.selenium.devtools.CdpVersionFinder findNearestMatch
WARNING: Unable to find an exact match for CDP version 100, so returning the closest version found: 97
Apr 05, 2022 8:27:25 PM org.openqa.selenium.devtools.CdpVersionFinder findNearestMatch
INFO: Found CDP implementation for version 100 of 97
]]></system-err>
  </testcase>
  <testcase name="WebTablesTestingBaba_test01" classname="testingbaba.Testingbaba_webtables_test" time="0">
    <skipped message="element click intercepted: Element &lt;a class=&quot;nav-link&quot; href=&quot;newdemo.html&quot;&gt;...&lt;/a&gt; is not clickable at point (566, 34). Other element would receive the click: &lt;div class=&quot;modal-header&quot;&gt;...&lt;/div&gt;&#10;  (Session info: chrome=100.0.4896.60)&#10;Build info: version: &apos;4.1.2&apos;, revision: &apos;9a5a329c5a&apos;&#10;System info: host: &apos;DESKTOP-493EAAE&apos;, ip: &apos;192.168.1.10&apos;, os.name: &apos;Windows 10&apos;, os.arch: &apos;amd64&apos;, os.version: &apos;10.0&apos;, java.version: &apos;11.0.12&apos;&#10;Driver info: org.openqa.selenium.chrome.ChromeDriver&#10;Command: [95855561424a6654feeae6d0c8e6b117, clickElement {id=b6e34e1f-5c64-4aa9-ab2b-ae7671026583}]&#10;Capabilities {acceptInsecureCerts: false, browserName: chrome, browserVersion: 100.0.4896.60, chrome: {chromedriverVersion: 100.0.4896.60 (6a5d10861ce8..., userDataDir: C:\WINDOWS\TEMP\scoped_dir2...}, goog:chromeOptions: {debuggerAddress: localhost:58405}, javascriptEnabled: true, networkConnectionEnabled: false, pageLoadStrategy: normal, platform: WINDOWS, platformName: WINDOWS, proxy: Proxy(), se:cdp: ws://localhost:58405/devtoo..., se:cdpVersion: 100.0.4896.60, setWindowRect: true, strictFileInteractability: false, timeouts: {implicit: 0, pageLoad: 300000, script: 30000}, unhandledPromptBehavior: dismiss and notify, webauthn:extension:credBlob: true, webauthn:extension:largeBlob: true, webauthn:virtualAuthenticators: true}&#10;Element: [[ChromeDriver: chrome on WINDOWS (95855561424a6654feeae6d0c8e6b117)] -&gt; xpath: //*[@id=&quot;navbarSupportedContent&quot;]/ul/li[5]/a]&#10;Session ID: 95855561424a6654feeae6d0c8e6b117"/>
    <system-out><![CDATA[Testcase WebTablesTestingBaba_test01 started successfully
Testcase WebTablesTestingBaba_test01 got skipped
]]></system-out>
  </testcase>
  <testcase name="Teardown" classname="testingbaba.Testingbaba_webtables_test" time="0">
    <skipped/>
  </testcase>
  <testcase name="FlipkartLogin_Test01" classname="flipkart.Flipkart_buy_test" time="2.606"/>
  <testcase name="FlipkartProfileChange_Test02" classname="flipkart.Flipkart_buy_test" time="20.929"/>
  <testcase name="FlipkartLoginInvalidCred_Test01" classname="flipkart.Flipkart_buyproduct_test" time="3.543">
    <failure message="stale element reference: element is not attached to the page document&#10;  (Session info: chrome=100.0.4896.60)&#10;For documentation on this error, please visit: https://selenium.dev/exceptions/#stale_element_reference&#10;Build info: version: &apos;4.1.2&apos;, revision: &apos;9a5a329c5a&apos;&#10;System info: host: &apos;DESKTOP-493EAAE&apos;, ip: &apos;192.168.1.10&apos;, os.name: &apos;Windows 10&apos;, os.arch: &apos;amd64&apos;, os.version: &apos;10.0&apos;, java.version: &apos;11.0.12&apos;&#10;Driver info: org.openqa.selenium.chrome.ChromeDriver&#10;Command: [4ad4d3d90b5df6731ae0acdf2b2bcebc, sendKeysToElement {id=9733fdf6-6775-4ba0-bb2f-d2c470899285, value=[Ljava.lang.CharSequence;@64bba0eb}]&#10;Capabilities {acceptInsecureCerts: false, browserName: chrome, browserVersion: 100.0.4896.60, chrome: {chromedriverVersion: 100.0.4896.60 (6a5d10861ce8..., userDataDir: C:\WINDOWS\TEMP\scoped_dir1...}, goog:chromeOptions: {debuggerAddress: localhost:52777}, javascriptEnabled: true, networkConnectionEnabled: false, pageLoadStrategy: normal, platform: WINDOWS, platformName: WINDOWS, proxy: Proxy(), se:cdp: ws://localhost:52777/devtoo..., se:cdpVersion: 100.0.4896.60, setWindowRect: true, strictFileInteractability: false, timeouts: {implicit: 0, pageLoad: 300000, script: 30000}, unhandledPromptBehavior: dismiss and notify, webauthn:extension:credBlob: true, webauthn:extension:largeBlob: true, webauthn:virtualAuthenticators: true}&#10;Element: [[ChromeDriver: chrome on WINDOWS (4ad4d3d90b5df6731ae0acdf2b2bcebc)] -&gt; xpath: //input[@placeholder=&apos;Search for products, brands and more&apos;]]&#10;Session ID: 4ad4d3d90b5df6731ae0acdf2b2bcebc" type="org.openqa.selenium.StaleElementReferenceException">org.openqa.selenium.StaleElementReferenceException: 
stale element reference: element is not attached to the page document
  (Session info: chrome=100.0.4896.60)
For documentation on this error, please visit: https://selenium.dev/exceptions/#stale_element_reference
Build info: version: '4.1.2', revision: '9a5a329c5a'
System info: host: 'DESKTOP-493EAAE', ip: '192.168.1.10', os.name: 'Windows 10', os.arch: 'amd64', os.version: '10.0', java.version: '11.0.12'
Driver info: org.openqa.selenium.chrome.ChromeDriver
Command: [4ad4d3d90b5df6731ae0acdf2b2bcebc, sendKeysToElement {id=9733fdf6-6775-4ba0-bb2f-d2c470899285, value=[Ljava.lang.CharSequence;@64bba0eb}]
Capabilities {acceptInsecureCerts: false, browserName: chrome, browserVersion: 100.0.4896.60, chrome: {chromedriverVersion: 100.0.4896.60 (6a5d10861ce8..., userDataDir: C:\WINDOWS\TEMP\scoped_dir1...}, goog:chromeOptions: {debuggerAddress: localhost:52777}, javascriptEnabled: true, networkConnectionEnabled: false, pageLoadStrategy: normal, platform: WINDOWS, platformName: WINDOWS, proxy: Proxy(), se:cdp: ws://localhost:52777/devtoo..., se:cdpVersion: 100.0.4896.60, setWindowRect: true, strictFileInteractability: false, timeouts: {implicit: 0, pageLoad: 300000, script: 30000}, unhandledPromptBehavior: dismiss and notify, webauthn:extension:credBlob: true, webauthn:extension:largeBlob: true, webauthn:virtualAuthenticators: true}
Element: [[ChromeDriver: chrome on WINDOWS (4ad4d3d90b5df6731ae0acdf2b2bcebc)] -> xpath: //input[@placeholder='Search for products, brands and more']]
Session ID: 4ad4d3d90b5df6731ae0acdf2b2bcebc
	at flipkart.Flipkart_buyproduct_test.FlipkartLoginInvalidCred_Test01(Flipkart_buyproduct_test.java:32)
</failure>
    <system-out><![CDATA[[INFO ] 2022-04-05 20:28:06.492 [main] Baselibrary - Closing Chrome Browser
About to end executing Class Flipkart
About to begin executing Class Flipkart_Buy_product
[INFO ] 2022-04-05 20:28:07.383 [main] Baselibrary - Starting Chrome Browser
Testcase FlipkartLoginInvalidCred_Test01 started successfully
Testcase FlipkartLoginInvalidCred_Test01 failed
]]></system-out>
    <system-err><![CDATA[Starting ChromeDriver 100.0.4896.60 (6a5d10861ce8de5fce22564658033b43cb7de047-refs/branch-heads/4896@{#875}) on port 52147
Only local connections are allowed.
Please see https://chromedriver.chromium.org/security-considerations for suggestions on keeping ChromeDriver safe.
ChromeDriver was started successfully.
Apr 05, 2022 8:28:08 PM org.openqa.selenium.remote.ProtocolHandshake createSession
INFO: Detected dialect: W3C
Apr 05, 2022 8:28:08 PM org.openqa.selenium.devtools.CdpVersionFinder findNearestMatch
WARNING: Unable to find an exact match for CDP version 100, so returning the closest version found: 97
Apr 05, 2022 8:28:08 PM org.openqa.selenium.devtools.CdpVersionFinder findNearestMatch
INFO: Found CDP implementation for version 100 of 97
]]></system-err>
  </testcase>
  <testcase name="MakemyTripSendValidNumber_Test01" classname="makemytrip.Makemytrip_launch_test" time="5.065"/>
  <testcase name="MakemyTripSendINValidNumber_Test02" classname="makemytrip.Makemytrip_launch_test" time="10.275"/>
</testsuite>